{"total": {"lines":{"total":1429,"covered":1400,"skipped":0,"pct":97.97},"statements":{"total":1447,"covered":1418,"skipped":0,"pct":98},"functions":{"total":423,"covered":396,"skipped":0,"pct":93.62},"branches":{"total":333,"covered":331,"skipped":0,"pct":99.4}}
,"/home/nperez/IdeaProjects/erdiagram/src/main/erdiagram/common/config/AbstractComponentConfigManager.ts": {"lines":{"total":3,"covered":2,"skipped":0,"pct":66.67},"functions":{"total":2,"covered":1,"skipped":0,"pct":50},"statements":{"total":3,"covered":2,"skipped":0,"pct":66.67},"branches":{"total":0,"covered":0,"skipped":0,"pct":100}}
,"/home/nperez/IdeaProjects/erdiagram/src/main/erdiagram/converter/common/case-format/AbstractCamelCaseFormat.ts": {"lines":{"total":4,"covered":4,"skipped":0,"pct":100},"functions":{"total":1,"covered":1,"skipped":0,"pct":100},"statements":{"total":4,"covered":4,"skipped":0,"pct":100},"branches":{"total":0,"covered":0,"skipped":0,"pct":100}}
,"/home/nperez/IdeaProjects/erdiagram/src/main/erdiagram/converter/common/case-format/AbstractUnderscoreCaseFormat.ts": {"lines":{"total":3,"covered":3,"skipped":0,"pct":100},"functions":{"total":1,"covered":1,"skipped":0,"pct":100},"statements":{"total":3,"covered":3,"skipped":0,"pct":100},"branches":{"total":0,"covered":0,"skipped":0,"pct":100}}
,"/home/nperez/IdeaProjects/erdiagram/src/main/erdiagram/converter/common/case-format/CapitalizedUnderscoreCaseFormat.ts": {"lines":{"total":5,"covered":5,"skipped":0,"pct":100},"functions":{"total":2,"covered":2,"skipped":0,"pct":100},"statements":{"total":5,"covered":5,"skipped":0,"pct":100},"branches":{"total":0,"covered":0,"skipped":0,"pct":100}}
,"/home/nperez/IdeaProjects/erdiagram/src/main/erdiagram/converter/common/case-format/CaseConverter.ts": {"lines":{"total":5,"covered":5,"skipped":0,"pct":100},"functions":{"total":2,"covered":2,"skipped":0,"pct":100},"statements":{"total":5,"covered":5,"skipped":0,"pct":100},"branches":{"total":0,"covered":0,"skipped":0,"pct":100}}
,"/home/nperez/IdeaProjects/erdiagram/src/main/erdiagram/converter/common/case-format/LowerCamelCaseFormat.ts": {"lines":{"total":11,"covered":11,"skipped":0,"pct":100},"functions":{"total":2,"covered":2,"skipped":0,"pct":100},"statements":{"total":11,"covered":11,"skipped":0,"pct":100},"branches":{"total":2,"covered":2,"skipped":0,"pct":100}}
,"/home/nperez/IdeaProjects/erdiagram/src/main/erdiagram/converter/common/case-format/LowerUnderscoreCaseFormat.ts": {"lines":{"total":5,"covered":5,"skipped":0,"pct":100},"functions":{"total":2,"covered":2,"skipped":0,"pct":100},"statements":{"total":5,"covered":5,"skipped":0,"pct":100},"branches":{"total":0,"covered":0,"skipped":0,"pct":100}}
,"/home/nperez/IdeaProjects/erdiagram/src/main/erdiagram/converter/common/case-format/StandardCaseFormats.ts": {"lines":{"total":7,"covered":7,"skipped":0,"pct":100},"functions":{"total":0,"covered":0,"skipped":0,"pct":100},"statements":{"total":7,"covered":7,"skipped":0,"pct":100},"branches":{"total":0,"covered":0,"skipped":0,"pct":100}}
,"/home/nperez/IdeaProjects/erdiagram/src/main/erdiagram/converter/common/case-format/UpperCamelCaseFormat.ts": {"lines":{"total":5,"covered":5,"skipped":0,"pct":100},"functions":{"total":2,"covered":2,"skipped":0,"pct":100},"statements":{"total":5,"covered":5,"skipped":0,"pct":100},"branches":{"total":0,"covered":0,"skipped":0,"pct":100}}
,"/home/nperez/IdeaProjects/erdiagram/src/main/erdiagram/converter/common/case-format/UpperUnderscoreCaseFormat.ts": {"lines":{"total":5,"covered":5,"skipped":0,"pct":100},"functions":{"total":2,"covered":2,"skipped":0,"pct":100},"statements":{"total":5,"covered":5,"skipped":0,"pct":100},"branches":{"total":0,"covered":0,"skipped":0,"pct":100}}
,"/home/nperez/IdeaProjects/erdiagram/src/main/erdiagram/converter/common/id-naming-strategy/StandardIdNamingStrategies.ts": {"lines":{"total":5,"covered":5,"skipped":0,"pct":100},"functions":{"total":2,"covered":2,"skipped":0,"pct":100},"statements":{"total":7,"covered":7,"skipped":0,"pct":100},"branches":{"total":0,"covered":0,"skipped":0,"pct":100}}
,"/home/nperez/IdeaProjects/erdiagram/src/main/erdiagram/converter/database/code-converter/EntityRelationshipModelToDatabaseCodeConverter.ts": {"lines":{"total":5,"covered":5,"skipped":0,"pct":100},"functions":{"total":2,"covered":2,"skipped":0,"pct":100},"statements":{"total":5,"covered":5,"skipped":0,"pct":100},"branches":{"total":0,"covered":0,"skipped":0,"pct":100}}
,"/home/nperez/IdeaProjects/erdiagram/src/main/erdiagram/converter/database/code-converter/sql/DatabaseModelToSqlCodeConverter.ts": {"lines":{"total":50,"covered":50,"skipped":0,"pct":100},"functions":{"total":10,"covered":10,"skipped":0,"pct":100},"statements":{"total":50,"covered":50,"skipped":0,"pct":100},"branches":{"total":18,"covered":18,"skipped":0,"pct":100}}
,"/home/nperez/IdeaProjects/erdiagram/src/main/erdiagram/converter/database/code-converter/sql/dialect/common/SqlTypeResolver.ts": {"lines":{"total":3,"covered":3,"skipped":0,"pct":100},"functions":{"total":2,"covered":2,"skipped":0,"pct":100},"statements":{"total":3,"covered":3,"skipped":0,"pct":100},"branches":{"total":0,"covered":0,"skipped":0,"pct":100}}
,"/home/nperez/IdeaProjects/erdiagram/src/main/erdiagram/converter/database/code-converter/sql/dialect/mysql/MysqlDialect.ts": {"lines":{"total":29,"covered":29,"skipped":0,"pct":100},"functions":{"total":10,"covered":10,"skipped":0,"pct":100},"statements":{"total":29,"covered":29,"skipped":0,"pct":100},"branches":{"total":0,"covered":0,"skipped":0,"pct":100}}
,"/home/nperez/IdeaProjects/erdiagram/src/main/erdiagram/converter/database/code-converter/sql/dialect/mysql/column/MysqlColumnCodeGenerator.ts": {"lines":{"total":17,"covered":17,"skipped":0,"pct":100},"functions":{"total":6,"covered":6,"skipped":0,"pct":100},"statements":{"total":17,"covered":17,"skipped":0,"pct":100},"branches":{"total":6,"covered":6,"skipped":0,"pct":100}}
,"/home/nperez/IdeaProjects/erdiagram/src/main/erdiagram/converter/database/code-converter/sql/dialect/mysql/column/MysqlForeignColumnCodeGenerator.ts": {"lines":{"total":14,"covered":14,"skipped":0,"pct":100},"functions":{"total":4,"covered":4,"skipped":0,"pct":100},"statements":{"total":14,"covered":14,"skipped":0,"pct":100},"branches":{"total":0,"covered":0,"skipped":0,"pct":100}}
,"/home/nperez/IdeaProjects/erdiagram/src/main/erdiagram/converter/database/code-converter/sql/dialect/mysql/column/MysqlIdColumnCodeGenerator.ts": {"lines":{"total":9,"covered":9,"skipped":0,"pct":100},"functions":{"total":4,"covered":4,"skipped":0,"pct":100},"statements":{"total":9,"covered":9,"skipped":0,"pct":100},"branches":{"total":0,"covered":0,"skipped":0,"pct":100}}
,"/home/nperez/IdeaProjects/erdiagram/src/main/erdiagram/converter/database/code-converter/sql/dialect/mysql/config/MysqlDialectConfigManager.ts": {"lines":{"total":11,"covered":9,"skipped":0,"pct":81.82},"functions":{"total":4,"covered":2,"skipped":0,"pct":50},"statements":{"total":11,"covered":9,"skipped":0,"pct":81.82},"branches":{"total":4,"covered":4,"skipped":0,"pct":100}}
,"/home/nperez/IdeaProjects/erdiagram/src/main/erdiagram/converter/database/code-converter/sql/dialect/oracle/OracleDialect.ts": {"lines":{"total":29,"covered":29,"skipped":0,"pct":100},"functions":{"total":10,"covered":10,"skipped":0,"pct":100},"statements":{"total":29,"covered":29,"skipped":0,"pct":100},"branches":{"total":0,"covered":0,"skipped":0,"pct":100}}
,"/home/nperez/IdeaProjects/erdiagram/src/main/erdiagram/converter/database/code-converter/sql/dialect/oracle/column/OracleColumnCodeGenerator.ts": {"lines":{"total":17,"covered":17,"skipped":0,"pct":100},"functions":{"total":6,"covered":6,"skipped":0,"pct":100},"statements":{"total":17,"covered":17,"skipped":0,"pct":100},"branches":{"total":6,"covered":6,"skipped":0,"pct":100}}
,"/home/nperez/IdeaProjects/erdiagram/src/main/erdiagram/converter/database/code-converter/sql/dialect/oracle/column/OracleForeignColumnCodeGenerator.ts": {"lines":{"total":14,"covered":14,"skipped":0,"pct":100},"functions":{"total":4,"covered":4,"skipped":0,"pct":100},"statements":{"total":14,"covered":14,"skipped":0,"pct":100},"branches":{"total":0,"covered":0,"skipped":0,"pct":100}}
,"/home/nperez/IdeaProjects/erdiagram/src/main/erdiagram/converter/database/code-converter/sql/dialect/oracle/column/OracleIdColumnCodeGenerator.ts": {"lines":{"total":12,"covered":12,"skipped":0,"pct":100},"functions":{"total":6,"covered":6,"skipped":0,"pct":100},"statements":{"total":12,"covered":12,"skipped":0,"pct":100},"branches":{"total":0,"covered":0,"skipped":0,"pct":100}}
,"/home/nperez/IdeaProjects/erdiagram/src/main/erdiagram/converter/database/code-converter/sql/dialect/oracle/config/OracleDialectConfigManager.ts": {"lines":{"total":11,"covered":9,"skipped":0,"pct":81.82},"functions":{"total":4,"covered":2,"skipped":0,"pct":50},"statements":{"total":11,"covered":9,"skipped":0,"pct":81.82},"branches":{"total":4,"covered":4,"skipped":0,"pct":100}}
,"/home/nperez/IdeaProjects/erdiagram/src/main/erdiagram/converter/database/code-converter/sql/dialect/postgresql/PostgresqlDialect.ts": {"lines":{"total":29,"covered":29,"skipped":0,"pct":100},"functions":{"total":10,"covered":10,"skipped":0,"pct":100},"statements":{"total":29,"covered":29,"skipped":0,"pct":100},"branches":{"total":0,"covered":0,"skipped":0,"pct":100}}
,"/home/nperez/IdeaProjects/erdiagram/src/main/erdiagram/converter/database/code-converter/sql/dialect/postgresql/column/PostgresqlColumnCodeGenerator.ts": {"lines":{"total":17,"covered":17,"skipped":0,"pct":100},"functions":{"total":6,"covered":6,"skipped":0,"pct":100},"statements":{"total":17,"covered":17,"skipped":0,"pct":100},"branches":{"total":6,"covered":6,"skipped":0,"pct":100}}
,"/home/nperez/IdeaProjects/erdiagram/src/main/erdiagram/converter/database/code-converter/sql/dialect/postgresql/column/PostgresqlForeignColumnCodeGenerator.ts": {"lines":{"total":14,"covered":14,"skipped":0,"pct":100},"functions":{"total":4,"covered":4,"skipped":0,"pct":100},"statements":{"total":14,"covered":14,"skipped":0,"pct":100},"branches":{"total":0,"covered":0,"skipped":0,"pct":100}}
,"/home/nperez/IdeaProjects/erdiagram/src/main/erdiagram/converter/database/code-converter/sql/dialect/postgresql/column/PostgresqlIdColumnCodeGenerator.ts": {"lines":{"total":9,"covered":9,"skipped":0,"pct":100},"functions":{"total":4,"covered":4,"skipped":0,"pct":100},"statements":{"total":9,"covered":9,"skipped":0,"pct":100},"branches":{"total":0,"covered":0,"skipped":0,"pct":100}}
,"/home/nperez/IdeaProjects/erdiagram/src/main/erdiagram/converter/database/code-converter/sql/dialect/postgresql/config/PostgresqlDialectConfigManager.ts": {"lines":{"total":11,"covered":9,"skipped":0,"pct":81.82},"functions":{"total":4,"covered":2,"skipped":0,"pct":50},"statements":{"total":11,"covered":9,"skipped":0,"pct":81.82},"branches":{"total":4,"covered":4,"skipped":0,"pct":100}}
,"/home/nperez/IdeaProjects/erdiagram/src/main/erdiagram/converter/database/code-converter/sql/dialect/sqlite/SqliteDialect.ts": {"lines":{"total":27,"covered":27,"skipped":0,"pct":100},"functions":{"total":9,"covered":9,"skipped":0,"pct":100},"statements":{"total":27,"covered":27,"skipped":0,"pct":100},"branches":{"total":0,"covered":0,"skipped":0,"pct":100}}
,"/home/nperez/IdeaProjects/erdiagram/src/main/erdiagram/converter/database/code-converter/sql/dialect/sqlite/column/SqliteColumnCodeGenerator.ts": {"lines":{"total":17,"covered":17,"skipped":0,"pct":100},"functions":{"total":6,"covered":6,"skipped":0,"pct":100},"statements":{"total":17,"covered":17,"skipped":0,"pct":100},"branches":{"total":6,"covered":6,"skipped":0,"pct":100}}
,"/home/nperez/IdeaProjects/erdiagram/src/main/erdiagram/converter/database/code-converter/sql/dialect/sqlite/column/SqliteForeignColumnCodeGenerator.ts": {"lines":{"total":14,"covered":14,"skipped":0,"pct":100},"functions":{"total":4,"covered":4,"skipped":0,"pct":100},"statements":{"total":14,"covered":14,"skipped":0,"pct":100},"branches":{"total":0,"covered":0,"skipped":0,"pct":100}}
,"/home/nperez/IdeaProjects/erdiagram/src/main/erdiagram/converter/database/code-converter/sql/dialect/sqlite/column/SqliteIdColumnCodeGenerator.ts": {"lines":{"total":8,"covered":8,"skipped":0,"pct":100},"functions":{"total":3,"covered":3,"skipped":0,"pct":100},"statements":{"total":8,"covered":8,"skipped":0,"pct":100},"branches":{"total":0,"covered":0,"skipped":0,"pct":100}}
,"/home/nperez/IdeaProjects/erdiagram/src/main/erdiagram/converter/database/code-converter/sql/dialect/sqlite/config/SqliteDialectConfigManager.ts": {"lines":{"total":11,"covered":9,"skipped":0,"pct":81.82},"functions":{"total":4,"covered":2,"skipped":0,"pct":50},"statements":{"total":11,"covered":9,"skipped":0,"pct":81.82},"branches":{"total":4,"covered":4,"skipped":0,"pct":100}}
,"/home/nperez/IdeaProjects/erdiagram/src/main/erdiagram/converter/database/code-converter/sql/dialect/sqlserver/SqlServerDialect.ts": {"lines":{"total":29,"covered":29,"skipped":0,"pct":100},"functions":{"total":10,"covered":10,"skipped":0,"pct":100},"statements":{"total":29,"covered":29,"skipped":0,"pct":100},"branches":{"total":0,"covered":0,"skipped":0,"pct":100}}
,"/home/nperez/IdeaProjects/erdiagram/src/main/erdiagram/converter/database/code-converter/sql/dialect/sqlserver/column/SqlServerColumnCodeGenerator.ts": {"lines":{"total":17,"covered":17,"skipped":0,"pct":100},"functions":{"total":6,"covered":6,"skipped":0,"pct":100},"statements":{"total":17,"covered":17,"skipped":0,"pct":100},"branches":{"total":6,"covered":6,"skipped":0,"pct":100}}
,"/home/nperez/IdeaProjects/erdiagram/src/main/erdiagram/converter/database/code-converter/sql/dialect/sqlserver/column/SqlServerForeignColumnCodeGenerator.ts": {"lines":{"total":14,"covered":14,"skipped":0,"pct":100},"functions":{"total":4,"covered":4,"skipped":0,"pct":100},"statements":{"total":14,"covered":14,"skipped":0,"pct":100},"branches":{"total":0,"covered":0,"skipped":0,"pct":100}}
,"/home/nperez/IdeaProjects/erdiagram/src/main/erdiagram/converter/database/code-converter/sql/dialect/sqlserver/column/SqlServerIdColumnCodeGenerator.ts": {"lines":{"total":9,"covered":9,"skipped":0,"pct":100},"functions":{"total":4,"covered":4,"skipped":0,"pct":100},"statements":{"total":9,"covered":9,"skipped":0,"pct":100},"branches":{"total":0,"covered":0,"skipped":0,"pct":100}}
,"/home/nperez/IdeaProjects/erdiagram/src/main/erdiagram/converter/database/code-converter/sql/dialect/sqlserver/config/SqlServerDialectConfigManager.ts": {"lines":{"total":11,"covered":9,"skipped":0,"pct":81.82},"functions":{"total":4,"covered":2,"skipped":0,"pct":50},"statements":{"total":11,"covered":9,"skipped":0,"pct":81.82},"branches":{"total":4,"covered":4,"skipped":0,"pct":100}}
,"/home/nperez/IdeaProjects/erdiagram/src/main/erdiagram/converter/database/model/DatabaseModelGenerator.ts": {"lines":{"total":61,"covered":61,"skipped":0,"pct":100},"functions":{"total":22,"covered":22,"skipped":0,"pct":100},"statements":{"total":61,"covered":61,"skipped":0,"pct":100},"branches":{"total":17,"covered":17,"skipped":0,"pct":100}}
,"/home/nperez/IdeaProjects/erdiagram/src/main/erdiagram/converter/database/model/config/DatabaseModelGeneratorConfigManager.ts": {"lines":{"total":10,"covered":8,"skipped":0,"pct":80},"functions":{"total":4,"covered":2,"skipped":0,"pct":50},"statements":{"total":10,"covered":8,"skipped":0,"pct":80},"branches":{"total":0,"covered":0,"skipped":0,"pct":100}}
,"/home/nperez/IdeaProjects/erdiagram/src/main/erdiagram/converter/diagram/nomnoml/NomnomlEntityRelationshipModelToDiagramCodeConverter.ts": {"lines":{"total":12,"covered":12,"skipped":0,"pct":100},"functions":{"total":4,"covered":4,"skipped":0,"pct":100},"statements":{"total":12,"covered":12,"skipped":0,"pct":100},"branches":{"total":0,"covered":0,"skipped":0,"pct":100}}
,"/home/nperez/IdeaProjects/erdiagram/src/main/erdiagram/converter/diagram/nomnoml/config/NomnomlEntityRelationshipModelToDiagramCodeConverterConfigManager.ts": {"lines":{"total":8,"covered":6,"skipped":0,"pct":75},"functions":{"total":4,"covered":2,"skipped":0,"pct":50},"statements":{"total":8,"covered":6,"skipped":0,"pct":75},"branches":{"total":0,"covered":0,"skipped":0,"pct":100}}
,"/home/nperez/IdeaProjects/erdiagram/src/main/erdiagram/converter/diagram/nomnoml/directive/NomnomlDirectivesCodeGenerator.ts": {"lines":{"total":4,"covered":4,"skipped":0,"pct":100},"functions":{"total":3,"covered":3,"skipped":0,"pct":100},"statements":{"total":4,"covered":4,"skipped":0,"pct":100},"branches":{"total":2,"covered":2,"skipped":0,"pct":100}}
,"/home/nperez/IdeaProjects/erdiagram/src/main/erdiagram/converter/diagram/nomnoml/entity/NomnomlEntityCodeGenerator.ts": {"lines":{"total":15,"covered":15,"skipped":0,"pct":100},"functions":{"total":4,"covered":4,"skipped":0,"pct":100},"statements":{"total":16,"covered":16,"skipped":0,"pct":100},"branches":{"total":4,"covered":4,"skipped":0,"pct":100}}
,"/home/nperez/IdeaProjects/erdiagram/src/main/erdiagram/converter/diagram/nomnoml/entity/NomnomlEntityIdentityPropertyCodeGenerator.ts": {"lines":{"total":3,"covered":3,"skipped":0,"pct":100},"functions":{"total":1,"covered":1,"skipped":0,"pct":100},"statements":{"total":3,"covered":3,"skipped":0,"pct":100},"branches":{"total":0,"covered":0,"skipped":0,"pct":100}}
,"/home/nperez/IdeaProjects/erdiagram/src/main/erdiagram/converter/diagram/nomnoml/entity/NomnomlEntityPropertyCodeGenerator.ts": {"lines":{"total":11,"covered":11,"skipped":0,"pct":100},"functions":{"total":3,"covered":3,"skipped":0,"pct":100},"statements":{"total":11,"covered":11,"skipped":0,"pct":100},"branches":{"total":6,"covered":6,"skipped":0,"pct":100}}
,"/home/nperez/IdeaProjects/erdiagram/src/main/erdiagram/converter/diagram/nomnoml/relationship/NomnomlNamedRelationshipCodeGenerator.ts": {"lines":{"total":9,"covered":9,"skipped":0,"pct":100},"functions":{"total":2,"covered":2,"skipped":0,"pct":100},"statements":{"total":9,"covered":9,"skipped":0,"pct":100},"branches":{"total":0,"covered":0,"skipped":0,"pct":100}}
,"/home/nperez/IdeaProjects/erdiagram/src/main/erdiagram/converter/diagram/nomnoml/relationship/NomnomlRelationshipCardinalityCodeGenerator.ts": {"lines":{"total":6,"covered":6,"skipped":0,"pct":100},"functions":{"total":1,"covered":1,"skipped":0,"pct":100},"statements":{"total":6,"covered":6,"skipped":0,"pct":100},"branches":{"total":3,"covered":3,"skipped":0,"pct":100}}
,"/home/nperez/IdeaProjects/erdiagram/src/main/erdiagram/converter/diagram/nomnoml/relationship/NomnomlRelationshipCodeGenerator.ts": {"lines":{"total":12,"covered":12,"skipped":0,"pct":100},"functions":{"total":2,"covered":2,"skipped":0,"pct":100},"statements":{"total":12,"covered":12,"skipped":0,"pct":100},"branches":{"total":2,"covered":2,"skipped":0,"pct":100}}
,"/home/nperez/IdeaProjects/erdiagram/src/main/erdiagram/converter/diagram/nomnoml/relationship/NomnomlRelationshipDirectionCodeGenerator.ts": {"lines":{"total":8,"covered":8,"skipped":0,"pct":100},"functions":{"total":3,"covered":3,"skipped":0,"pct":100},"statements":{"total":8,"covered":8,"skipped":0,"pct":100},"branches":{"total":7,"covered":7,"skipped":0,"pct":100}}
,"/home/nperez/IdeaProjects/erdiagram/src/main/erdiagram/converter/diagram/nomnoml/relationship/NomnomlUnnamedRelationshipCodeGenerator.ts": {"lines":{"total":8,"covered":8,"skipped":0,"pct":100},"functions":{"total":2,"covered":2,"skipped":0,"pct":100},"statements":{"total":8,"covered":8,"skipped":0,"pct":100},"branches":{"total":0,"covered":0,"skipped":0,"pct":100}}
,"/home/nperez/IdeaProjects/erdiagram/src/main/erdiagram/converter/diagram/plantuml/PlantUmlEntityRelationshipModelToDiagramCodeConverter.ts": {"lines":{"total":8,"covered":8,"skipped":0,"pct":100},"functions":{"total":4,"covered":4,"skipped":0,"pct":100},"statements":{"total":8,"covered":8,"skipped":0,"pct":100},"branches":{"total":0,"covered":0,"skipped":0,"pct":100}}
,"/home/nperez/IdeaProjects/erdiagram/src/main/erdiagram/converter/diagram/plantuml/entity/PlantUmlEntityCodeGenerator.ts": {"lines":{"total":15,"covered":15,"skipped":0,"pct":100},"functions":{"total":4,"covered":4,"skipped":0,"pct":100},"statements":{"total":16,"covered":16,"skipped":0,"pct":100},"branches":{"total":4,"covered":4,"skipped":0,"pct":100}}
,"/home/nperez/IdeaProjects/erdiagram/src/main/erdiagram/converter/diagram/plantuml/entity/PlantUmlEntityIdentityPropertyCodeGenerator.ts": {"lines":{"total":3,"covered":3,"skipped":0,"pct":100},"functions":{"total":1,"covered":1,"skipped":0,"pct":100},"statements":{"total":3,"covered":3,"skipped":0,"pct":100},"branches":{"total":0,"covered":0,"skipped":0,"pct":100}}
,"/home/nperez/IdeaProjects/erdiagram/src/main/erdiagram/converter/diagram/plantuml/entity/PlantUmlEntityPropertyCodeGenerator.ts": {"lines":{"total":11,"covered":11,"skipped":0,"pct":100},"functions":{"total":3,"covered":3,"skipped":0,"pct":100},"statements":{"total":11,"covered":11,"skipped":0,"pct":100},"branches":{"total":6,"covered":6,"skipped":0,"pct":100}}
,"/home/nperez/IdeaProjects/erdiagram/src/main/erdiagram/converter/diagram/plantuml/relationship/PlantUmlRelationshipCardinalityCodeGenerator.ts": {"lines":{"total":6,"covered":6,"skipped":0,"pct":100},"functions":{"total":1,"covered":1,"skipped":0,"pct":100},"statements":{"total":6,"covered":6,"skipped":0,"pct":100},"branches":{"total":3,"covered":3,"skipped":0,"pct":100}}
,"/home/nperez/IdeaProjects/erdiagram/src/main/erdiagram/converter/diagram/plantuml/relationship/PlantUmlRelationshipCodeGenerator.ts": {"lines":{"total":13,"covered":13,"skipped":0,"pct":100},"functions":{"total":2,"covered":2,"skipped":0,"pct":100},"statements":{"total":13,"covered":13,"skipped":0,"pct":100},"branches":{"total":2,"covered":2,"skipped":0,"pct":100}}
,"/home/nperez/IdeaProjects/erdiagram/src/main/erdiagram/converter/diagram/plantuml/relationship/PlantUmlRelationshipDirectionCodeGenerator.ts": {"lines":{"total":6,"covered":6,"skipped":0,"pct":100},"functions":{"total":1,"covered":1,"skipped":0,"pct":100},"statements":{"total":6,"covered":6,"skipped":0,"pct":100},"branches":{"total":3,"covered":3,"skipped":0,"pct":100}}
,"/home/nperez/IdeaProjects/erdiagram/src/main/erdiagram/converter/oop/code-converter/EntityRelationshipModelToClassCodeConverter.ts": {"lines":{"total":5,"covered":5,"skipped":0,"pct":100},"functions":{"total":2,"covered":2,"skipped":0,"pct":100},"statements":{"total":5,"covered":5,"skipped":0,"pct":100},"branches":{"total":0,"covered":0,"skipped":0,"pct":100}}
,"/home/nperez/IdeaProjects/erdiagram/src/main/erdiagram/converter/oop/code-converter/java/JavaClassModelToCodeConverter.ts": {"lines":{"total":51,"covered":51,"skipped":0,"pct":100},"functions":{"total":7,"covered":7,"skipped":0,"pct":100},"statements":{"total":51,"covered":51,"skipped":0,"pct":100},"branches":{"total":6,"covered":6,"skipped":0,"pct":100}}
,"/home/nperez/IdeaProjects/erdiagram/src/main/erdiagram/converter/oop/code-converter/java/annotation/validation/JavaValidationAnnotationTypes.ts": {"lines":{"total":4,"covered":4,"skipped":0,"pct":100},"functions":{"total":0,"covered":0,"skipped":0,"pct":100},"statements":{"total":4,"covered":4,"skipped":0,"pct":100},"branches":{"total":0,"covered":0,"skipped":0,"pct":100}}
,"/home/nperez/IdeaProjects/erdiagram/src/main/erdiagram/converter/oop/code-converter/java/annotation/validation/JavaValidationAnnotationsGenerator.ts": {"lines":{"total":38,"covered":38,"skipped":0,"pct":100},"functions":{"total":10,"covered":10,"skipped":0,"pct":100},"statements":{"total":39,"covered":39,"skipped":0,"pct":100},"branches":{"total":15,"covered":15,"skipped":0,"pct":100}}
,"/home/nperez/IdeaProjects/erdiagram/src/main/erdiagram/converter/oop/code-converter/java/annotation/validation/NotNullBlobValidationStrategy.ts": {"lines":{"total":4,"covered":4,"skipped":0,"pct":100},"functions":{"total":1,"covered":1,"skipped":0,"pct":100},"statements":{"total":4,"covered":4,"skipped":0,"pct":100},"branches":{"total":2,"covered":2,"skipped":0,"pct":100}}
,"/home/nperez/IdeaProjects/erdiagram/src/main/erdiagram/converter/oop/code-converter/java/annotation/validation/NotNullTextValidationStrategy.ts": {"lines":{"total":5,"covered":5,"skipped":0,"pct":100},"functions":{"total":1,"covered":1,"skipped":0,"pct":100},"statements":{"total":5,"covered":5,"skipped":0,"pct":100},"branches":{"total":2,"covered":2,"skipped":0,"pct":100}}
,"/home/nperez/IdeaProjects/erdiagram/src/main/erdiagram/converter/oop/code-converter/java/config/JavaClassModelToCodeConverterConfigManager.ts": {"lines":{"total":14,"covered":11,"skipped":0,"pct":78.57},"functions":{"total":5,"covered":2,"skipped":0,"pct":40},"statements":{"total":14,"covered":11,"skipped":0,"pct":78.57},"branches":{"total":4,"covered":4,"skipped":0,"pct":100}}
,"/home/nperez/IdeaProjects/erdiagram/src/main/erdiagram/converter/oop/code-converter/java/type/JavaFieldTypeResolver.ts": {"lines":{"total":17,"covered":17,"skipped":0,"pct":100},"functions":{"total":4,"covered":4,"skipped":0,"pct":100},"statements":{"total":17,"covered":17,"skipped":0,"pct":100},"branches":{"total":8,"covered":8,"skipped":0,"pct":100}}
,"/home/nperez/IdeaProjects/erdiagram/src/main/erdiagram/converter/oop/code-converter/java/type/JavaParameterizedType.ts": {"lines":{"total":14,"covered":14,"skipped":0,"pct":100},"functions":{"total":9,"covered":9,"skipped":0,"pct":100},"statements":{"total":16,"covered":16,"skipped":0,"pct":100},"branches":{"total":4,"covered":4,"skipped":0,"pct":100}}
,"/home/nperez/IdeaProjects/erdiagram/src/main/erdiagram/converter/oop/code-converter/java/type/JavaType.ts": {"lines":{"total":5,"covered":5,"skipped":0,"pct":100},"functions":{"total":3,"covered":3,"skipped":0,"pct":100},"statements":{"total":5,"covered":5,"skipped":0,"pct":100},"branches":{"total":2,"covered":2,"skipped":0,"pct":100}}
,"/home/nperez/IdeaProjects/erdiagram/src/main/erdiagram/converter/oop/code-converter/java/type/parseJavaType.ts": {"lines":{"total":57,"covered":56,"skipped":0,"pct":98.25},"functions":{"total":8,"covered":8,"skipped":0,"pct":100},"statements":{"total":58,"covered":57,"skipped":0,"pct":98.28},"branches":{"total":21,"covered":20,"skipped":0,"pct":95.24}}
,"/home/nperez/IdeaProjects/erdiagram/src/main/erdiagram/converter/oop/code-converter/java/type/import/JavaImportStatementsGenerator.ts": {"lines":{"total":14,"covered":14,"skipped":0,"pct":100},"functions":{"total":6,"covered":6,"skipped":0,"pct":100},"statements":{"total":14,"covered":14,"skipped":0,"pct":100},"branches":{"total":6,"covered":6,"skipped":0,"pct":100}}
,"/home/nperez/IdeaProjects/erdiagram/src/main/erdiagram/converter/oop/code-converter/typescript/TypeScriptClassModelToCodeConverter.ts": {"lines":{"total":21,"covered":21,"skipped":0,"pct":100},"functions":{"total":6,"covered":6,"skipped":0,"pct":100},"statements":{"total":21,"covered":21,"skipped":0,"pct":100},"branches":{"total":2,"covered":2,"skipped":0,"pct":100}}
,"/home/nperez/IdeaProjects/erdiagram/src/main/erdiagram/converter/oop/code-converter/typescript/config/TypeScriptClassModelToCodeConverterConfigManager.ts": {"lines":{"total":12,"covered":9,"skipped":0,"pct":75},"functions":{"total":5,"covered":2,"skipped":0,"pct":40},"statements":{"total":12,"covered":9,"skipped":0,"pct":75},"branches":{"total":4,"covered":4,"skipped":0,"pct":100}}
,"/home/nperez/IdeaProjects/erdiagram/src/main/erdiagram/converter/oop/code-converter/typescript/type/TypeScriptParameterizedType.ts": {"lines":{"total":9,"covered":8,"skipped":0,"pct":88.89},"functions":{"total":6,"covered":5,"skipped":0,"pct":83.33},"statements":{"total":10,"covered":9,"skipped":0,"pct":90},"branches":{"total":0,"covered":0,"skipped":0,"pct":100}}
,"/home/nperez/IdeaProjects/erdiagram/src/main/erdiagram/converter/oop/code-converter/typescript/type/TypeScriptType.ts": {"lines":{"total":3,"covered":3,"skipped":0,"pct":100},"functions":{"total":2,"covered":2,"skipped":0,"pct":100},"statements":{"total":3,"covered":3,"skipped":0,"pct":100},"branches":{"total":0,"covered":0,"skipped":0,"pct":100}}
,"/home/nperez/IdeaProjects/erdiagram/src/main/erdiagram/converter/oop/code-converter/typescript/type/TypeScriptTypeResolver.ts": {"lines":{"total":16,"covered":16,"skipped":0,"pct":100},"functions":{"total":4,"covered":4,"skipped":0,"pct":100},"statements":{"total":16,"covered":16,"skipped":0,"pct":100},"branches":{"total":8,"covered":8,"skipped":0,"pct":100}}
,"/home/nperez/IdeaProjects/erdiagram/src/main/erdiagram/converter/oop/code-converter/typescript/type/parseTypeScriptType.ts": {"lines":{"total":50,"covered":49,"skipped":0,"pct":98},"functions":{"total":6,"covered":6,"skipped":0,"pct":100},"statements":{"total":50,"covered":49,"skipped":0,"pct":98},"branches":{"total":19,"covered":18,"skipped":0,"pct":94.74}}
,"/home/nperez/IdeaProjects/erdiagram/src/main/erdiagram/converter/oop/model/ClassModelGenerator.ts": {"lines":{"total":8,"covered":8,"skipped":0,"pct":100},"functions":{"total":3,"covered":3,"skipped":0,"pct":100},"statements":{"total":9,"covered":9,"skipped":0,"pct":100},"branches":{"total":0,"covered":0,"skipped":0,"pct":100}}
,"/home/nperez/IdeaProjects/erdiagram/src/main/erdiagram/converter/oop/model/class/EntityToClassMapper.ts": {"lines":{"total":21,"covered":21,"skipped":0,"pct":100},"functions":{"total":2,"covered":2,"skipped":0,"pct":100},"statements":{"total":21,"covered":21,"skipped":0,"pct":100},"branches":{"total":8,"covered":8,"skipped":0,"pct":100}}
,"/home/nperez/IdeaProjects/erdiagram/src/main/erdiagram/converter/oop/model/class/field/EntityPropertyToClassFieldMapper.ts": {"lines":{"total":5,"covered":5,"skipped":0,"pct":100},"functions":{"total":1,"covered":1,"skipped":0,"pct":100},"statements":{"total":5,"covered":5,"skipped":0,"pct":100},"branches":{"total":2,"covered":2,"skipped":0,"pct":100}}
,"/home/nperez/IdeaProjects/erdiagram/src/main/erdiagram/converter/oop/model/class/field/EntityToIdClassFieldMapper.ts": {"lines":{"total":8,"covered":8,"skipped":0,"pct":100},"functions":{"total":3,"covered":3,"skipped":0,"pct":100},"statements":{"total":8,"covered":8,"skipped":0,"pct":100},"branches":{"total":2,"covered":2,"skipped":0,"pct":100}}
,"/home/nperez/IdeaProjects/erdiagram/src/main/erdiagram/converter/oop/model/class/field/RelationshipMemberToClassFieldMapper.ts": {"lines":{"total":6,"covered":6,"skipped":0,"pct":100},"functions":{"total":1,"covered":1,"skipped":0,"pct":100},"statements":{"total":6,"covered":6,"skipped":0,"pct":100},"branches":{"total":2,"covered":2,"skipped":0,"pct":100}}
,"/home/nperez/IdeaProjects/erdiagram/src/main/erdiagram/converter/oop/model/config/ClassModelGeneratorConfigManager.ts": {"lines":{"total":10,"covered":8,"skipped":0,"pct":80},"functions":{"total":4,"covered":2,"skipped":0,"pct":50},"statements":{"total":10,"covered":8,"skipped":0,"pct":80},"branches":{"total":0,"covered":0,"skipped":0,"pct":100}}
,"/home/nperez/IdeaProjects/erdiagram/src/main/erdiagram/parser/EntityRelationshipModelParser.ts": {"lines":{"total":12,"covered":12,"skipped":0,"pct":100},"functions":{"total":2,"covered":2,"skipped":0,"pct":100},"statements":{"total":12,"covered":12,"skipped":0,"pct":100},"branches":{"total":0,"covered":0,"skipped":0,"pct":100}}
,"/home/nperez/IdeaProjects/erdiagram/src/main/erdiagram/parser/EntityRelationshipModelParserWithoutValidation.ts": {"lines":{"total":12,"covered":12,"skipped":0,"pct":100},"functions":{"total":5,"covered":5,"skipped":0,"pct":100},"statements":{"total":12,"covered":12,"skipped":0,"pct":100},"branches":{"total":0,"covered":0,"skipped":0,"pct":100}}
,"/home/nperez/IdeaProjects/erdiagram/src/main/erdiagram/parser/ParsedModelToPublicModelConverter.ts": {"lines":{"total":8,"covered":8,"skipped":0,"pct":100},"functions":{"total":6,"covered":6,"skipped":0,"pct":100},"statements":{"total":9,"covered":9,"skipped":0,"pct":100},"branches":{"total":4,"covered":4,"skipped":0,"pct":100}}
,"/home/nperez/IdeaProjects/erdiagram/src/main/erdiagram/parser/config/EntityRelationshipModelParserConfigManager.ts": {"lines":{"total":8,"covered":6,"skipped":0,"pct":75},"functions":{"total":4,"covered":2,"skipped":0,"pct":50},"statements":{"total":8,"covered":6,"skipped":0,"pct":75},"branches":{"total":0,"covered":0,"skipped":0,"pct":100}}
,"/home/nperez/IdeaProjects/erdiagram/src/main/erdiagram/parser/line/EntityRelationshipModelLineParser.ts": {"lines":{"total":33,"covered":33,"skipped":0,"pct":100},"functions":{"total":7,"covered":7,"skipped":0,"pct":100},"statements":{"total":33,"covered":33,"skipped":0,"pct":100},"branches":{"total":7,"covered":7,"skipped":0,"pct":100}}
,"/home/nperez/IdeaProjects/erdiagram/src/main/erdiagram/parser/line/EntityRelationshipModelLineParserErrorHandler.ts": {"lines":{"total":4,"covered":4,"skipped":0,"pct":100},"functions":{"total":1,"covered":1,"skipped":0,"pct":100},"statements":{"total":4,"covered":4,"skipped":0,"pct":100},"branches":{"total":1,"covered":1,"skipped":0,"pct":100}}
,"/home/nperez/IdeaProjects/erdiagram/src/main/erdiagram/parser/statement/statement-type-guesser.ts": {"lines":{"total":18,"covered":18,"skipped":0,"pct":100},"functions":{"total":3,"covered":3,"skipped":0,"pct":100},"statements":{"total":18,"covered":18,"skipped":0,"pct":100},"branches":{"total":10,"covered":10,"skipped":0,"pct":100}}
,"/home/nperez/IdeaProjects/erdiagram/src/main/erdiagram/parser/statement/statement-types-parse-functions.ts": {"lines":{"total":33,"covered":33,"skipped":0,"pct":100},"functions":{"total":6,"covered":6,"skipped":0,"pct":100},"statements":{"total":33,"covered":33,"skipped":0,"pct":100},"branches":{"total":21,"covered":21,"skipped":0,"pct":100}}
,"/home/nperez/IdeaProjects/erdiagram/src/main/erdiagram/parser/statement/statement-types-regexes.ts": {"lines":{"total":15,"covered":15,"skipped":0,"pct":100},"functions":{"total":0,"covered":0,"skipped":0,"pct":100},"statements":{"total":15,"covered":15,"skipped":0,"pct":100},"branches":{"total":0,"covered":0,"skipped":0,"pct":100}}
,"/home/nperez/IdeaProjects/erdiagram/src/main/erdiagram/parser/types/entity-relationship-model-types.ts": {"lines":{"total":20,"covered":20,"skipped":0,"pct":100},"functions":{"total":3,"covered":3,"skipped":0,"pct":100},"statements":{"total":20,"covered":20,"skipped":0,"pct":100},"branches":{"total":6,"covered":6,"skipped":0,"pct":100}}
,"/home/nperez/IdeaProjects/erdiagram/src/main/erdiagram/parser/types/parse-errors.ts": {"lines":{"total":27,"covered":26,"skipped":0,"pct":96.3},"functions":{"total":7,"covered":6,"skipped":0,"pct":85.71},"statements":{"total":27,"covered":26,"skipped":0,"pct":96.3},"branches":{"total":0,"covered":0,"skipped":0,"pct":100}}
,"/home/nperez/IdeaProjects/erdiagram/src/main/erdiagram/parser/validator/EntityRelationshipModelParseResultValidator.ts": {"lines":{"total":46,"covered":46,"skipped":0,"pct":100},"functions":{"total":14,"covered":14,"skipped":0,"pct":100},"statements":{"total":48,"covered":48,"skipped":0,"pct":100},"branches":{"total":20,"covered":20,"skipped":0,"pct":100}}
,"/home/nperez/IdeaProjects/erdiagram/src/main/erdiagram/parser/validator/EntityRelationshipModelParseResultValidatorErrorHandler.ts": {"lines":{"total":8,"covered":8,"skipped":0,"pct":100},"functions":{"total":1,"covered":1,"skipped":0,"pct":100},"statements":{"total":8,"covered":8,"skipped":0,"pct":100},"branches":{"total":5,"covered":5,"skipped":0,"pct":100}}
,"/home/nperez/IdeaProjects/erdiagram/src/main/erdiagram/util/array-utils.ts": {"lines":{"total":4,"covered":4,"skipped":0,"pct":100},"functions":{"total":3,"covered":3,"skipped":0,"pct":100},"statements":{"total":5,"covered":5,"skipped":0,"pct":100},"branches":{"total":0,"covered":0,"skipped":0,"pct":100}}
,"/home/nperez/IdeaProjects/erdiagram/src/main/erdiagram/util/indent-utils.ts": {"lines":{"total":11,"covered":11,"skipped":0,"pct":100},"functions":{"total":5,"covered":5,"skipped":0,"pct":100},"statements":{"total":12,"covered":12,"skipped":0,"pct":100},"branches":{"total":5,"covered":5,"skipped":0,"pct":100}}
,"/home/nperez/IdeaProjects/erdiagram/src/main/erdiagram/util/map-utils.ts": {"lines":{"total":7,"covered":7,"skipped":0,"pct":100},"functions":{"total":2,"covered":2,"skipped":0,"pct":100},"statements":{"total":7,"covered":7,"skipped":0,"pct":100},"branches":{"total":0,"covered":0,"skipped":0,"pct":100}}
,"/home/nperez/IdeaProjects/erdiagram/src/main/erdiagram/util/record-utils.ts": {"lines":{"total":7,"covered":7,"skipped":0,"pct":100},"functions":{"total":5,"covered":5,"skipped":0,"pct":100},"statements":{"total":9,"covered":9,"skipped":0,"pct":100},"branches":{"total":6,"covered":6,"skipped":0,"pct":100}}
,"/home/nperez/IdeaProjects/erdiagram/src/main/erdiagram/util/regex-utils.ts": {"lines":{"total":8,"covered":8,"skipped":0,"pct":100},"functions":{"total":3,"covered":3,"skipped":0,"pct":100},"statements":{"total":8,"covered":8,"skipped":0,"pct":100},"branches":{"total":2,"covered":2,"skipped":0,"pct":100}}
,"/home/nperez/IdeaProjects/erdiagram/src/main/erdiagram/util/string-utils.ts": {"lines":{"total":6,"covered":6,"skipped":0,"pct":100},"functions":{"total":4,"covered":4,"skipped":0,"pct":100},"statements":{"total":7,"covered":7,"skipped":0,"pct":100},"branches":{"total":0,"covered":0,"skipped":0,"pct":100}}
}
