TN:
SF:src/main/erdiagram/common/config/AbstractComponentConfigManager.ts
FN:10,(anonymous_0)
FN:14,(anonymous_1)
FNF:2
FNH:1
FNDA:73,(anonymous_0)
FNDA:0,(anonymous_1)
DA:3,7
DA:11,73
DA:15,0
LF:3
LH:2
BRF:0
BRH:0
end_of_record
TN:
SF:src/main/erdiagram/converter/common/case-format/AbstractCamelCaseFormat.ts
FN:10,(anonymous_0)
FNF:1
FNH:1
FNDA:804,(anonymous_0)
DA:2,2
DA:4,2
DA:6,2
DA:11,804
LF:4
LH:4
BRF:0
BRH:0
end_of_record
TN:
SF:src/main/erdiagram/converter/common/case-format/AbstractUnderscoreCaseFormat.ts
FN:8,(anonymous_0)
FNF:1
FNH:1
FNDA:6,(anonymous_0)
DA:2,2
DA:4,2
DA:9,6
LF:3
LH:3
BRF:0
BRH:0
end_of_record
TN:
SF:src/main/erdiagram/converter/common/case-format/CapitalizedUnderscoreCaseFormat.ts
FN:6,(anonymous_1)
FN:8,(anonymous_2)
FNF:2
FNH:2
FNDA:131,(anonymous_1)
FNDA:302,(anonymous_2)
DA:1,2
DA:2,2
DA:4,2
DA:7,131
DA:8,302
LF:5
LH:5
BRF:0
BRH:0
end_of_record
TN:
SF:src/main/erdiagram/converter/common/case-format/CaseConverter.ts
FN:5,(anonymous_0)
FN:12,(anonymous_1)
FNF:2
FNH:2
FNDA:112,(anonymous_0)
FNDA:802,(anonymous_1)
DA:3,2
DA:6,112
DA:7,112
DA:13,802
DA:14,802
LF:5
LH:5
BRF:0
BRH:0
end_of_record
TN:
SF:src/main/erdiagram/converter/common/case-format/LowerCamelCaseFormat.ts
FN:6,(anonymous_1)
FN:19,(anonymous_2)
FNF:2
FNH:2
FNDA:50,(anonymous_1)
FNDA:53,(anonymous_2)
DA:1,2
DA:2,2
DA:4,2
DA:8,50
DA:10,50
DA:11,1
DA:14,49
DA:16,49
DA:18,49
DA:19,53
DA:22,49
LF:11
LH:11
BRDA:10,0,0,1
BRDA:10,0,1,49
BRF:2
BRH:2
end_of_record
TN:
SF:src/main/erdiagram/converter/common/case-format/LowerUnderscoreCaseFormat.ts
FN:6,(anonymous_1)
FN:8,(anonymous_2)
FNF:2
FNH:2
FNDA:289,(anonymous_1)
FNDA:707,(anonymous_2)
DA:1,2
DA:2,2
DA:4,2
DA:7,289
DA:8,707
LF:5
LH:5
BRF:0
BRH:0
end_of_record
TN:
SF:src/main/erdiagram/converter/common/case-format/StandardCaseFormats.ts
FNF:0
FNH:0
DA:1,2
DA:2,2
DA:3,2
DA:4,2
DA:5,2
DA:8,2
DA:16,2
LF:7
LH:7
BRF:0
BRH:0
end_of_record
TN:
SF:src/main/erdiagram/converter/common/case-format/UpperCamelCaseFormat.ts
FN:6,(anonymous_1)
FN:8,(anonymous_2)
FNF:2
FNH:2
FNDA:176,(anonymous_1)
FNDA:430,(anonymous_2)
DA:1,2
DA:2,2
DA:4,2
DA:7,176
DA:8,430
LF:5
LH:5
BRF:0
BRH:0
end_of_record
TN:
SF:src/main/erdiagram/converter/common/case-format/UpperUnderscoreCaseFormat.ts
FN:6,(anonymous_1)
FN:8,(anonymous_2)
FNF:2
FNH:2
FNDA:164,(anonymous_1)
FNDA:368,(anonymous_2)
DA:1,2
DA:2,2
DA:4,2
DA:7,164
DA:8,368
LF:5
LH:5
BRF:0
BRH:0
end_of_record
TN:
SF:src/main/erdiagram/converter/common/id-naming-strategy/StandardIdNamingStrategies.ts
FN:4,(anonymous_0)
FN:5,(anonymous_1)
FNF:2
FNH:2
FNDA:72,(anonymous_0)
FNDA:12,(anonymous_1)
DA:1,2
DA:4,72
DA:5,12
DA:7,2
DA:12,2
LF:5
LH:5
BRF:0
BRH:0
end_of_record
TN:
SF:src/main/erdiagram/converter/database/code-converter/EntityRelationshipModelToDatabaseCodeConverter.ts
FN:11,(anonymous_0)
FN:19,(anonymous_1)
FNF:2
FNH:2
FNDA:1,(anonymous_0)
FNDA:1,(anonymous_1)
DA:6,1
DA:15,1
DA:16,1
DA:20,1
DA:21,1
LF:5
LH:5
BRF:0
BRH:0
end_of_record
TN:
SF:src/main/erdiagram/converter/database/code-converter/sql/DatabaseModelToSqlCodeConverter.ts
FN:17,(anonymous_0)
FN:23,(anonymous_1)
FN:29,(anonymous_2)
FN:30,(anonymous_3)
FN:61,(anonymous_4)
FN:107,(anonymous_5)
FN:126,(anonymous_6)
FN:147,(anonymous_7)
FN:162,(anonymous_8)
FN:168,(anonymous_9)
FNF:10
FNH:10
FNDA:55,(anonymous_0)
FNDA:55,(anonymous_1)
FNDA:90,(anonymous_2)
FNDA:90,(anonymous_3)
FNDA:90,(anonymous_4)
FNDA:90,(anonymous_5)
FNDA:90,(anonymous_6)
FNDA:90,(anonymous_7)
FNDA:90,(anonymous_8)
FNDA:40,(anonymous_9)
DA:8,1
DA:15,1
DA:18,55
DA:25,55
DA:26,55
DA:28,55
DA:29,90
DA:32,90
DA:34,90
DA:35,32
DA:40,55
DA:45,55
DA:46,55
DA:48,55
DA:49,11
DA:52,55
DA:53,11
DA:56,55
DA:63,90
DA:74,90
DA:76,90
DA:77,18
DA:80,90
DA:82,90
DA:83,72
DA:86,90
DA:87,90
DA:89,90
DA:91,90
DA:98,90
DA:100,90
DA:109,90
DA:114,120
DA:116,120
DA:118,120
DA:119,10
DA:128,90
DA:134,50
DA:136,50
DA:137,50
DA:139,50
DA:140,10
DA:149,90
DA:154,90
DA:155,18
DA:158,90
DA:164,90
DA:165,18
DA:168,72
DA:169,40
LF:50
LH:50
BRDA:34,0,0,32
BRDA:34,0,1,58
BRDA:48,1,0,11
BRDA:48,1,1,44
BRDA:52,2,0,11
BRDA:52,2,1,44
BRDA:76,3,0,18
BRDA:76,3,1,72
BRDA:82,4,0,72
BRDA:82,4,1,18
BRDA:118,5,0,10
BRDA:118,5,1,110
BRDA:139,6,0,10
BRDA:139,6,1,40
BRDA:154,7,0,18
BRDA:154,7,1,72
BRDA:164,8,0,18
BRDA:164,8,1,72
BRF:18
BRH:18
end_of_record
TN:
SF:src/main/erdiagram/converter/database/code-converter/sql/dialect/common/SqlTypeResolver.ts
FN:7,(anonymous_0)
FN:11,(anonymous_1)
FNF:2
FNH:2
FNDA:55,(anonymous_0)
FNDA:260,(anonymous_1)
DA:3,1
DA:8,55
DA:18,260
LF:3
LH:3
BRF:0
BRH:0
end_of_record
TN:
SF:src/main/erdiagram/converter/database/code-converter/sql/dialect/mysql/MysqlDialect.ts
FN:33,(anonymous_1)
FN:67,(anonymous_2)
FN:71,(anonymous_3)
FN:75,(anonymous_4)
FN:79,(anonymous_5)
FN:84,(anonymous_6)
FN:88,(anonymous_7)
FN:93,(anonymous_8)
FN:98,(anonymous_9)
FN:103,(anonymous_10)
FNF:10
FNH:10
FNDA:11,(anonymous_1)
FNDA:11,(anonymous_2)
FNDA:11,(anonymous_3)
FNDA:36,(anonymous_4)
FNDA:18,(anonymous_5)
FNDA:18,(anonymous_6)
FNDA:18,(anonymous_7)
FNDA:24,(anonymous_8)
FNDA:10,(anonymous_9)
FNDA:10,(anonymous_10)
DA:11,1
DA:12,1
DA:14,1
DA:16,1
DA:18,1
DA:19,1
DA:21,1
DA:25,1
DA:35,11
DA:37,11
DA:42,11
DA:47,11
DA:49,11
DA:54,11
DA:59,11
DA:68,11
DA:72,11
DA:76,36
DA:80,18
DA:81,18
DA:85,18
DA:89,18
DA:90,18
DA:94,24
DA:95,24
DA:99,10
DA:100,10
DA:104,10
DA:105,10
LF:29
LH:29
BRF:0
BRH:0
end_of_record
TN:
SF:src/main/erdiagram/converter/database/code-converter/sql/dialect/mysql/column/MysqlColumnCodeGenerator.ts
FN:11,(anonymous_0)
FN:18,(anonymous_1)
FN:29,(anonymous_2)
FN:50,(anonymous_3)
FN:59,(anonymous_4)
FN:69,(anonymous_5)
FNF:6
FNH:6
FNDA:11,(anonymous_0)
FNDA:34,(anonymous_1)
FNDA:34,(anonymous_2)
FNDA:34,(anonymous_3)
FNDA:34,(anonymous_4)
FNDA:4,(anonymous_5)
DA:9,1
DA:12,11
DA:13,11
DA:20,34
DA:22,34
DA:35,34
DA:37,34
DA:42,34
DA:43,30
DA:46,34
DA:52,34
DA:53,34
DA:55,34
DA:61,34
DA:62,30
DA:65,4
DA:70,4
LF:17
LH:17
BRDA:24,0,0,4
BRDA:24,0,1,30
BRDA:42,1,0,30
BRDA:42,1,1,4
BRDA:61,2,0,30
BRDA:61,2,1,4
BRF:6
BRH:6
end_of_record
TN:
SF:src/main/erdiagram/converter/database/code-converter/sql/dialect/mysql/column/MysqlForeignColumnCodeGenerator.ts
FN:15,(anonymous_0)
FN:23,(anonymous_1)
FN:40,(anonymous_2)
FN:58,(anonymous_3)
FNF:4
FNH:4
FNDA:11,(anonymous_0)
FNDA:10,(anonymous_1)
FNDA:10,(anonymous_2)
FNDA:10,(anonymous_3)
DA:1,1
DA:13,1
DA:16,11
DA:17,11
DA:18,11
DA:25,10
DA:30,10
DA:32,10
DA:46,10
DA:48,10
DA:60,10
DA:62,10
DA:63,10
DA:65,10
LF:14
LH:14
BRF:0
BRH:0
end_of_record
TN:
SF:src/main/erdiagram/converter/database/code-converter/sql/dialect/mysql/column/MysqlIdColumnCodeGenerator.ts
FN:10,(anonymous_0)
FN:17,(anonymous_1)
FN:28,(anonymous_2)
FN:33,(anonymous_3)
FNF:4
FNH:4
FNDA:11,(anonymous_0)
FNDA:18,(anonymous_1)
FNDA:18,(anonymous_2)
FNDA:18,(anonymous_3)
DA:1,1
DA:8,1
DA:11,11
DA:12,11
DA:19,18
DA:21,18
DA:29,18
DA:30,18
DA:34,18
LF:9
LH:9
BRF:0
BRH:0
end_of_record
TN:
SF:src/main/erdiagram/converter/database/code-converter/sql/dialect/mysql/config/MysqlDialectConfigManager.ts
FN:13,(anonymous_1)
FN:33,(anonymous_2)
FN:44,(anonymous_3)
FN:52,(anonymous_4)
FNF:4
FNH:2
FNDA:11,(anonymous_1)
FNDA:11,(anonymous_2)
FNDA:0,(anonymous_3)
FNDA:0,(anonymous_4)
DA:1,1
DA:2,1
DA:3,1
DA:6,1
DA:10,1
DA:14,11
DA:34,11
DA:45,0
DA:53,0
DA:62,1
DA:63,1
LF:11
LH:9
BRDA:39,0,0,10
BRDA:39,0,1,1
BRDA:39,1,0,11
BRDA:39,1,1,11
BRF:4
BRH:4
end_of_record
TN:
SF:src/main/erdiagram/converter/database/code-converter/sql/dialect/oracle/OracleDialect.ts
FN:33,(anonymous_1)
FN:67,(anonymous_2)
FN:71,(anonymous_3)
FN:75,(anonymous_4)
FN:79,(anonymous_5)
FN:84,(anonymous_6)
FN:88,(anonymous_7)
FN:93,(anonymous_8)
FN:98,(anonymous_9)
FN:103,(anonymous_10)
FNF:10
FNH:10
FNDA:11,(anonymous_1)
FNDA:11,(anonymous_2)
FNDA:11,(anonymous_3)
FNDA:36,(anonymous_4)
FNDA:18,(anonymous_5)
FNDA:18,(anonymous_6)
FNDA:18,(anonymous_7)
FNDA:24,(anonymous_8)
FNDA:10,(anonymous_9)
FNDA:10,(anonymous_10)
DA:2,1
DA:3,1
DA:5,1
DA:7,1
DA:11,1
DA:13,1
DA:14,1
DA:25,1
DA:35,11
DA:37,11
DA:42,11
DA:47,11
DA:49,11
DA:54,11
DA:59,11
DA:68,11
DA:72,11
DA:76,36
DA:80,18
DA:81,18
DA:85,18
DA:89,18
DA:90,18
DA:94,24
DA:95,24
DA:99,10
DA:100,10
DA:104,10
DA:105,10
LF:29
LH:29
BRF:0
BRH:0
end_of_record
TN:
SF:src/main/erdiagram/converter/database/code-converter/sql/dialect/oracle/column/OracleColumnCodeGenerator.ts
FN:11,(anonymous_0)
FN:18,(anonymous_1)
FN:29,(anonymous_2)
FN:50,(anonymous_3)
FN:59,(anonymous_4)
FN:69,(anonymous_5)
FNF:6
FNH:6
FNDA:11,(anonymous_0)
FNDA:34,(anonymous_1)
FNDA:34,(anonymous_2)
FNDA:34,(anonymous_3)
FNDA:34,(anonymous_4)
FNDA:4,(anonymous_5)
DA:9,1
DA:12,11
DA:13,11
DA:20,34
DA:22,34
DA:35,34
DA:37,34
DA:42,34
DA:43,30
DA:46,34
DA:52,34
DA:53,34
DA:55,34
DA:61,34
DA:62,30
DA:65,4
DA:70,4
LF:17
LH:17
BRDA:24,0,0,4
BRDA:24,0,1,30
BRDA:42,1,0,30
BRDA:42,1,1,4
BRDA:61,2,0,30
BRDA:61,2,1,4
BRF:6
BRH:6
end_of_record
TN:
SF:src/main/erdiagram/converter/database/code-converter/sql/dialect/oracle/column/OracleForeignColumnCodeGenerator.ts
FN:15,(anonymous_0)
FN:23,(anonymous_1)
FN:40,(anonymous_2)
FN:58,(anonymous_3)
FNF:4
FNH:4
FNDA:11,(anonymous_0)
FNDA:10,(anonymous_1)
FNDA:10,(anonymous_2)
FNDA:10,(anonymous_3)
DA:1,1
DA:13,1
DA:16,11
DA:17,11
DA:18,11
DA:25,10
DA:30,10
DA:32,10
DA:46,10
DA:48,10
DA:60,10
DA:62,10
DA:63,10
DA:65,10
LF:14
LH:14
BRF:0
BRH:0
end_of_record
TN:
SF:src/main/erdiagram/converter/database/code-converter/sql/dialect/oracle/column/OracleIdColumnCodeGenerator.ts
FN:10,(anonymous_0)
FN:17,(anonymous_1)
FN:31,(anonymous_2)
FN:35,(anonymous_3)
FN:39,(anonymous_4)
FN:44,(anonymous_5)
FNF:6
FNH:6
FNDA:11,(anonymous_0)
FNDA:18,(anonymous_1)
FNDA:18,(anonymous_2)
FNDA:18,(anonymous_3)
FNDA:18,(anonymous_4)
FNDA:18,(anonymous_5)
DA:1,1
DA:8,1
DA:11,11
DA:12,11
DA:19,18
DA:21,18
DA:23,18
DA:32,18
DA:36,18
DA:40,18
DA:41,18
DA:45,18
LF:12
LH:12
BRF:0
BRH:0
end_of_record
TN:
SF:src/main/erdiagram/converter/database/code-converter/sql/dialect/oracle/config/OracleDialectConfigManager.ts
FN:13,(anonymous_1)
FN:33,(anonymous_2)
FN:44,(anonymous_3)
FN:52,(anonymous_4)
FNF:4
FNH:2
FNDA:11,(anonymous_1)
FNDA:11,(anonymous_2)
FNDA:0,(anonymous_3)
FNDA:0,(anonymous_4)
DA:1,1
DA:2,1
DA:3,1
DA:8,1
DA:10,1
DA:14,11
DA:34,11
DA:45,0
DA:53,0
DA:62,1
DA:63,1
LF:11
LH:9
BRDA:39,0,0,10
BRDA:39,0,1,1
BRDA:39,1,0,11
BRDA:39,1,1,11
BRF:4
BRH:4
end_of_record
TN:
SF:src/main/erdiagram/converter/database/code-converter/sql/dialect/postgresql/PostgresqlDialect.ts
FN:33,(anonymous_1)
FN:67,(anonymous_2)
FN:71,(anonymous_3)
FN:75,(anonymous_4)
FN:79,(anonymous_5)
FN:84,(anonymous_6)
FN:88,(anonymous_7)
FN:93,(anonymous_8)
FN:98,(anonymous_9)
FN:103,(anonymous_10)
FNF:10
FNH:10
FNDA:11,(anonymous_1)
FNDA:11,(anonymous_2)
FNDA:11,(anonymous_3)
FNDA:36,(anonymous_4)
FNDA:18,(anonymous_5)
FNDA:18,(anonymous_6)
FNDA:18,(anonymous_7)
FNDA:24,(anonymous_8)
FNDA:10,(anonymous_9)
FNDA:10,(anonymous_10)
DA:2,1
DA:3,1
DA:4,1
DA:14,1
DA:16,1
DA:18,1
DA:22,1
DA:25,1
DA:35,11
DA:37,11
DA:42,11
DA:47,11
DA:49,11
DA:54,11
DA:59,11
DA:68,11
DA:72,11
DA:76,36
DA:80,18
DA:81,18
DA:85,18
DA:89,18
DA:90,18
DA:94,24
DA:95,24
DA:99,10
DA:100,10
DA:104,10
DA:105,10
LF:29
LH:29
BRF:0
BRH:0
end_of_record
TN:
SF:src/main/erdiagram/converter/database/code-converter/sql/dialect/postgresql/column/PostgresqlColumnCodeGenerator.ts
FN:11,(anonymous_0)
FN:18,(anonymous_1)
FN:29,(anonymous_2)
FN:50,(anonymous_3)
FN:59,(anonymous_4)
FN:69,(anonymous_5)
FNF:6
FNH:6
FNDA:11,(anonymous_0)
FNDA:34,(anonymous_1)
FNDA:34,(anonymous_2)
FNDA:34,(anonymous_3)
FNDA:34,(anonymous_4)
FNDA:4,(anonymous_5)
DA:9,1
DA:12,11
DA:13,11
DA:20,34
DA:22,34
DA:35,34
DA:37,34
DA:42,34
DA:43,30
DA:46,34
DA:52,34
DA:53,34
DA:55,34
DA:61,34
DA:62,30
DA:65,4
DA:70,4
LF:17
LH:17
BRDA:24,0,0,4
BRDA:24,0,1,30
BRDA:42,1,0,30
BRDA:42,1,1,4
BRDA:61,2,0,30
BRDA:61,2,1,4
BRF:6
BRH:6
end_of_record
TN:
SF:src/main/erdiagram/converter/database/code-converter/sql/dialect/postgresql/column/PostgresqlForeignColumnCodeGenerator.ts
FN:15,(anonymous_0)
FN:23,(anonymous_1)
FN:40,(anonymous_2)
FN:58,(anonymous_3)
FNF:4
FNH:4
FNDA:11,(anonymous_0)
FNDA:10,(anonymous_1)
FNDA:10,(anonymous_2)
FNDA:10,(anonymous_3)
DA:1,1
DA:13,1
DA:16,11
DA:17,11
DA:18,11
DA:25,10
DA:30,10
DA:32,10
DA:46,10
DA:48,10
DA:60,10
DA:62,10
DA:63,10
DA:65,10
LF:14
LH:14
BRF:0
BRH:0
end_of_record
TN:
SF:src/main/erdiagram/converter/database/code-converter/sql/dialect/postgresql/column/PostgresqlIdColumnCodeGenerator.ts
FN:10,(anonymous_0)
FN:17,(anonymous_1)
FN:28,(anonymous_2)
FN:33,(anonymous_3)
FNF:4
FNH:4
FNDA:11,(anonymous_0)
FNDA:18,(anonymous_1)
FNDA:18,(anonymous_2)
FNDA:18,(anonymous_3)
DA:1,1
DA:8,1
DA:11,11
DA:12,11
DA:19,18
DA:21,18
DA:29,18
DA:30,18
DA:34,18
LF:9
LH:9
BRF:0
BRH:0
end_of_record
TN:
SF:src/main/erdiagram/converter/database/code-converter/sql/dialect/postgresql/config/PostgresqlDialectConfigManager.ts
FN:13,(anonymous_1)
FN:33,(anonymous_2)
FN:44,(anonymous_3)
FN:52,(anonymous_4)
FNF:4
FNH:2
FNDA:11,(anonymous_1)
FNDA:11,(anonymous_2)
FNDA:0,(anonymous_3)
FNDA:0,(anonymous_4)
DA:1,1
DA:2,1
DA:3,1
DA:8,1
DA:10,1
DA:14,11
DA:34,11
DA:45,0
DA:53,0
DA:62,1
DA:63,1
LF:11
LH:9
BRDA:39,0,0,10
BRDA:39,0,1,1
BRDA:39,1,0,11
BRDA:39,1,1,11
BRF:4
BRH:4
end_of_record
TN:
SF:src/main/erdiagram/converter/database/code-converter/sql/dialect/sqlite/SqliteDialect.ts
FN:33,(anonymous_1)
FN:67,(anonymous_2)
FN:71,(anonymous_3)
FN:75,(anonymous_4)
FN:79,(anonymous_5)
FN:84,(anonymous_6)
FN:88,(anonymous_7)
FN:93,(anonymous_8)
FN:98,(anonymous_9)
FNF:9
FNH:9
FNDA:11,(anonymous_1)
FNDA:11,(anonymous_2)
FNDA:11,(anonymous_3)
FNDA:36,(anonymous_4)
FNDA:18,(anonymous_5)
FNDA:18,(anonymous_6)
FNDA:18,(anonymous_7)
FNDA:24,(anonymous_8)
FNDA:10,(anonymous_9)
DA:2,1
DA:3,1
DA:4,1
DA:14,1
DA:16,1
DA:18,1
DA:22,1
DA:25,1
DA:35,11
DA:37,11
DA:42,11
DA:47,11
DA:49,11
DA:54,11
DA:59,11
DA:68,11
DA:72,11
DA:76,36
DA:80,18
DA:81,18
DA:85,18
DA:89,18
DA:90,18
DA:94,24
DA:95,24
DA:99,10
DA:100,10
LF:27
LH:27
BRF:0
BRH:0
end_of_record
TN:
SF:src/main/erdiagram/converter/database/code-converter/sql/dialect/sqlite/column/SqliteColumnCodeGenerator.ts
FN:11,(anonymous_0)
FN:18,(anonymous_1)
FN:29,(anonymous_2)
FN:50,(anonymous_3)
FN:59,(anonymous_4)
FN:69,(anonymous_5)
FNF:6
FNH:6
FNDA:11,(anonymous_0)
FNDA:34,(anonymous_1)
FNDA:34,(anonymous_2)
FNDA:34,(anonymous_3)
FNDA:34,(anonymous_4)
FNDA:4,(anonymous_5)
DA:9,1
DA:12,11
DA:13,11
DA:20,34
DA:22,34
DA:35,34
DA:37,34
DA:42,34
DA:43,30
DA:46,34
DA:52,34
DA:53,34
DA:55,34
DA:61,34
DA:62,30
DA:65,4
DA:70,4
LF:17
LH:17
BRDA:24,0,0,4
BRDA:24,0,1,30
BRDA:42,1,0,30
BRDA:42,1,1,4
BRDA:61,2,0,30
BRDA:61,2,1,4
BRF:6
BRH:6
end_of_record
TN:
SF:src/main/erdiagram/converter/database/code-converter/sql/dialect/sqlite/column/SqliteForeignColumnCodeGenerator.ts
FN:15,(anonymous_0)
FN:23,(anonymous_1)
FN:40,(anonymous_2)
FN:58,(anonymous_3)
FNF:4
FNH:4
FNDA:11,(anonymous_0)
FNDA:10,(anonymous_1)
FNDA:10,(anonymous_2)
FNDA:10,(anonymous_3)
DA:1,1
DA:13,1
DA:16,11
DA:17,11
DA:18,11
DA:25,10
DA:30,10
DA:32,10
DA:46,10
DA:48,10
DA:60,10
DA:62,10
DA:63,10
DA:65,10
LF:14
LH:14
BRF:0
BRH:0
end_of_record
TN:
SF:src/main/erdiagram/converter/database/code-converter/sql/dialect/sqlite/column/SqliteIdColumnCodeGenerator.ts
FN:10,(anonymous_0)
FN:17,(anonymous_1)
FN:27,(anonymous_2)
FNF:3
FNH:3
FNDA:11,(anonymous_0)
FNDA:18,(anonymous_1)
FNDA:18,(anonymous_2)
DA:1,1
DA:8,1
DA:11,11
DA:12,11
DA:19,18
DA:21,18
DA:28,18
DA:29,18
LF:8
LH:8
BRF:0
BRH:0
end_of_record
TN:
SF:src/main/erdiagram/converter/database/code-converter/sql/dialect/sqlite/config/SqliteDialectConfigManager.ts
FN:13,(anonymous_1)
FN:33,(anonymous_2)
FN:44,(anonymous_3)
FN:52,(anonymous_4)
FNF:4
FNH:2
FNDA:11,(anonymous_1)
FNDA:11,(anonymous_2)
FNDA:0,(anonymous_3)
FNDA:0,(anonymous_4)
DA:1,1
DA:2,1
DA:3,1
DA:4,1
DA:10,1
DA:14,11
DA:34,11
DA:45,0
DA:53,0
DA:62,1
DA:63,1
LF:11
LH:9
BRDA:39,0,0,10
BRDA:39,0,1,1
BRDA:39,1,0,11
BRDA:39,1,1,11
BRF:4
BRH:4
end_of_record
TN:
SF:src/main/erdiagram/converter/database/code-converter/sql/dialect/sqlserver/SqlServerDialect.ts
FN:33,(anonymous_1)
FN:67,(anonymous_2)
FN:71,(anonymous_3)
FN:75,(anonymous_4)
FN:79,(anonymous_5)
FN:84,(anonymous_6)
FN:88,(anonymous_7)
FN:93,(anonymous_8)
FN:98,(anonymous_9)
FN:103,(anonymous_10)
FNF:10
FNH:10
FNDA:11,(anonymous_1)
FNDA:11,(anonymous_2)
FNDA:11,(anonymous_3)
FNDA:36,(anonymous_4)
FNDA:18,(anonymous_5)
FNDA:18,(anonymous_6)
FNDA:18,(anonymous_7)
FNDA:24,(anonymous_8)
FNDA:10,(anonymous_9)
FNDA:10,(anonymous_10)
DA:2,1
DA:3,1
DA:5,1
DA:7,1
DA:11,1
DA:13,1
DA:14,1
DA:25,1
DA:35,11
DA:37,11
DA:42,11
DA:47,11
DA:49,11
DA:54,11
DA:59,11
DA:68,11
DA:72,11
DA:76,36
DA:80,18
DA:81,18
DA:85,18
DA:89,18
DA:90,18
DA:94,24
DA:95,24
DA:99,10
DA:100,10
DA:104,10
DA:105,10
LF:29
LH:29
BRF:0
BRH:0
end_of_record
TN:
SF:src/main/erdiagram/converter/database/code-converter/sql/dialect/sqlserver/column/SqlServerColumnCodeGenerator.ts
FN:11,(anonymous_0)
FN:18,(anonymous_1)
FN:29,(anonymous_2)
FN:50,(anonymous_3)
FN:59,(anonymous_4)
FN:69,(anonymous_5)
FNF:6
FNH:6
FNDA:11,(anonymous_0)
FNDA:34,(anonymous_1)
FNDA:34,(anonymous_2)
FNDA:34,(anonymous_3)
FNDA:34,(anonymous_4)
FNDA:4,(anonymous_5)
DA:9,1
DA:12,11
DA:13,11
DA:20,34
DA:22,34
DA:35,34
DA:37,34
DA:42,34
DA:43,30
DA:46,34
DA:52,34
DA:53,34
DA:55,34
DA:61,34
DA:62,30
DA:65,4
DA:70,4
LF:17
LH:17
BRDA:24,0,0,4
BRDA:24,0,1,30
BRDA:42,1,0,30
BRDA:42,1,1,4
BRDA:61,2,0,30
BRDA:61,2,1,4
BRF:6
BRH:6
end_of_record
TN:
SF:src/main/erdiagram/converter/database/code-converter/sql/dialect/sqlserver/column/SqlServerForeignColumnCodeGenerator.ts
FN:15,(anonymous_0)
FN:23,(anonymous_1)
FN:40,(anonymous_2)
FN:58,(anonymous_3)
FNF:4
FNH:4
FNDA:11,(anonymous_0)
FNDA:10,(anonymous_1)
FNDA:10,(anonymous_2)
FNDA:10,(anonymous_3)
DA:1,1
DA:13,1
DA:16,11
DA:17,11
DA:18,11
DA:25,10
DA:30,10
DA:32,10
DA:46,10
DA:48,10
DA:60,10
DA:62,10
DA:63,10
DA:65,10
LF:14
LH:14
BRF:0
BRH:0
end_of_record
TN:
SF:src/main/erdiagram/converter/database/code-converter/sql/dialect/sqlserver/column/SqlServerIdColumnCodeGenerator.ts
FN:10,(anonymous_0)
FN:17,(anonymous_1)
FN:28,(anonymous_2)
FN:33,(anonymous_3)
FNF:4
FNH:4
FNDA:11,(anonymous_0)
FNDA:18,(anonymous_1)
FNDA:18,(anonymous_2)
FNDA:18,(anonymous_3)
DA:1,1
DA:8,1
DA:11,11
DA:12,11
DA:19,18
DA:21,18
DA:29,18
DA:30,18
DA:34,18
LF:9
LH:9
BRF:0
BRH:0
end_of_record
TN:
SF:src/main/erdiagram/converter/database/code-converter/sql/dialect/sqlserver/config/SqlServerDialectConfigManager.ts
FN:13,(anonymous_1)
FN:33,(anonymous_2)
FN:44,(anonymous_3)
FN:52,(anonymous_4)
FNF:4
FNH:2
FNDA:11,(anonymous_1)
FNDA:11,(anonymous_2)
FNDA:0,(anonymous_3)
FNDA:0,(anonymous_4)
DA:1,1
DA:2,1
DA:3,1
DA:6,1
DA:10,1
DA:14,11
DA:34,11
DA:45,0
DA:53,0
DA:62,1
DA:63,1
LF:11
LH:9
BRDA:39,0,0,10
BRDA:39,0,1,1
BRDA:39,1,0,11
BRDA:39,1,1,11
BRF:4
BRH:4
end_of_record
TN:
SF:src/main/erdiagram/converter/database/model/DatabaseModelGenerator.ts
FN:26,(anonymous_1)
FN:30,(anonymous_2)
FN:33,(anonymous_3)
FN:34,(anonymous_4)
FN:35,(anonymous_5)
FN:49,(anonymous_6)
FN:51,(anonymous_7)
FN:52,(anonymous_8)
FN:55,(anonymous_9)
FN:87,(anonymous_10)
FN:89,(anonymous_11)
FN:90,(anonymous_12)
FN:91,(anonymous_13)
FN:94,(anonymous_14)
FN:111,(anonymous_15)
FN:128,(anonymous_16)
FN:144,(anonymous_17)
FN:162,(anonymous_18)
FN:179,(anonymous_19)
FN:190,(anonymous_20)
FN:210,(anonymous_21)
FN:214,(anonymous_22)
FNF:22
FNH:22
FNDA:5,(anonymous_1)
FNDA:13,(anonymous_2)
FNDA:33,(anonymous_3)
FNDA:2,(anonymous_4)
FNDA:2,(anonymous_5)
FNDA:13,(anonymous_6)
FNDA:33,(anonymous_7)
FNDA:33,(anonymous_8)
FNDA:33,(anonymous_9)
FNDA:13,(anonymous_10)
FNDA:21,(anonymous_11)
FNDA:6,(anonymous_12)
FNDA:6,(anonymous_13)
FNDA:6,(anonymous_14)
FNDA:6,(anonymous_15)
FNDA:6,(anonymous_16)
FNDA:27,(anonymous_17)
FNDA:62,(anonymous_18)
FNDA:66,(anonymous_19)
FNDA:14,(anonymous_20)
FNDA:21,(anonymous_21)
FNDA:29,(anonymous_22)
DA:1,1
DA:9,1
DA:17,1
DA:19,1
DA:20,1
DA:22,1
DA:27,5
DA:32,13
DA:33,33
DA:34,2
DA:35,2
DA:38,13
DA:40,13
DA:41,13
DA:43,13
DA:50,13
DA:51,33
DA:52,33
DA:57,33
DA:59,33
DA:61,33
DA:62,14
DA:65,33
DA:66,132
DA:67,89
DA:68,13
DA:69,13
DA:71,43
DA:72,20
DA:73,2
DA:78,33
DA:88,13
DA:89,21
DA:90,6
DA:91,6
DA:96,6
DA:97,6
DA:99,6
DA:117,6
DA:119,6
DA:120,5
DA:123,1
DA:134,6
DA:136,6
DA:137,5
DA:140,1
DA:150,27
DA:152,27
DA:164,62
DA:165,53
DA:172,9
DA:173,9
DA:175,9
DA:181,66
DA:182,2
DA:185,64
DA:186,64
DA:198,14
DA:200,14
DA:211,21
DA:214,29
LF:61
LH:61
BRDA:66,0,0,89
BRDA:66,0,1,43
BRDA:67,1,0,13
BRDA:67,1,1,76
BRDA:71,2,0,20
BRDA:71,2,1,23
BRDA:72,3,0,2
BRDA:72,3,1,18
BRDA:119,4,0,5
BRDA:119,4,1,1
BRDA:136,5,0,5
BRDA:136,5,1,1
BRDA:144,6,0,14
BRDA:164,7,0,53
BRDA:164,7,1,9
BRDA:181,8,0,2
BRDA:181,8,1,64
BRF:17
BRH:17
end_of_record
TN:
SF:src/main/erdiagram/converter/database/model/config/DatabaseModelGeneratorConfigManager.ts
FN:11,(anonymous_1)
FN:18,(anonymous_2)
FN:25,(anonymous_3)
FN:32,(anonymous_4)
FNF:4
FNH:2
FNDA:5,(anonymous_1)
FNDA:5,(anonymous_2)
FNDA:0,(anonymous_3)
FNDA:0,(anonymous_4)
DA:1,1
DA:3,1
DA:4,1
DA:8,1
DA:12,5
DA:19,5
DA:26,0
DA:33,0
DA:41,1
DA:42,1
LF:10
LH:8
BRF:0
BRH:0
end_of_record
TN:
SF:src/main/erdiagram/converter/diagram/nomnoml/NomnomlEntityRelationshipModelToDiagramCodeConverter.ts
FN:21,(anonymous_1)
FN:25,(anonymous_2)
FN:27,(anonymous_3)
FN:28,(anonymous_4)
FNF:4
FNH:4
FNDA:1,(anonymous_1)
FNDA:14,(anonymous_2)
FNDA:8,(anonymous_3)
FNDA:8,(anonymous_4)
DA:2,1
DA:3,1
DA:8,1
DA:10,1
DA:13,1
DA:17,1
DA:18,1
DA:19,1
DA:22,1
DA:26,14
DA:27,8
DA:28,8
LF:12
LH:12
BRF:0
BRH:0
end_of_record
TN:
SF:src/main/erdiagram/converter/diagram/nomnoml/config/NomnomlEntityRelationshipModelToDiagramCodeConverterConfigManager.ts
FN:10,(anonymous_1)
FN:36,(anonymous_2)
FN:43,(anonymous_3)
FN:49,(anonymous_4)
FNF:4
FNH:2
FNDA:1,(anonymous_1)
FNDA:1,(anonymous_2)
FNDA:0,(anonymous_3)
FNDA:0,(anonymous_4)
DA:1,1
DA:7,1
DA:11,1
DA:37,1
DA:44,0
DA:50,0
DA:57,1
DA:58,1
LF:8
LH:6
BRF:0
BRH:0
end_of_record
TN:
SF:src/main/erdiagram/converter/diagram/nomnoml/directive/NomnomlDirectivesCodeGenerator.ts
FN:6,(anonymous_0)
FN:8,(anonymous_1)
FN:9,(anonymous_2)
FNF:3
FNH:3
FNDA:14,(anonymous_0)
FNDA:294,(anonymous_1)
FNDA:98,(anonymous_2)
DA:4,1
DA:7,14
DA:8,294
DA:9,98
LF:4
LH:4
BRDA:8,0,0,294
BRDA:8,0,1,98
BRF:2
BRH:2
end_of_record
TN:
SF:src/main/erdiagram/converter/diagram/nomnoml/entity/NomnomlEntityCodeGenerator.ts
FN:8,(anonymous_1)
FN:13,(anonymous_2)
FN:29,(anonymous_3)
FN:36,(anonymous_4)
FNF:4
FNH:4
FNDA:1,(anonymous_1)
FNDA:8,(anonymous_2)
FNDA:8,(anonymous_3)
FNDA:9,(anonymous_4)
DA:2,1
DA:4,1
DA:6,1
DA:8,1
DA:10,1
DA:11,1
DA:15,8
DA:17,8
DA:18,1
DA:21,7
DA:34,8
DA:36,9
DA:38,8
DA:39,2
DA:42,8
LF:15
LH:15
BRDA:17,0,0,1
BRDA:17,0,1,7
BRDA:38,1,0,2
BRDA:38,1,1,6
BRF:4
BRH:4
end_of_record
TN:
SF:src/main/erdiagram/converter/diagram/nomnoml/entity/NomnomlEntityIdentityPropertyCodeGenerator.ts
FN:5,(anonymous_0)
FNF:1
FNH:1
FNDA:2,(anonymous_0)
DA:1,1
DA:3,1
DA:6,2
LF:3
LH:3
BRF:0
BRH:0
end_of_record
TN:
SF:src/main/erdiagram/converter/diagram/nomnoml/entity/NomnomlEntityPropertyCodeGenerator.ts
FN:5,(anonymous_0)
FN:23,(anonymous_1)
FN:33,(anonymous_2)
FNF:3
FNH:3
FNDA:9,(anonymous_0)
FNDA:9,(anonymous_1)
FNDA:9,(anonymous_2)
DA:3,1
DA:13,9
DA:15,9
DA:17,9
DA:19,9
DA:25,9
DA:26,4
DA:29,5
DA:35,9
DA:36,9
DA:38,9
LF:11
LH:11
BRDA:25,0,0,4
BRDA:25,0,1,5
BRDA:35,1,0,2
BRDA:35,1,1,7
BRDA:36,2,0,3
BRDA:36,2,1,6
BRF:6
BRH:6
end_of_record
TN:
SF:src/main/erdiagram/converter/diagram/nomnoml/relationship/NomnomlNamedRelationshipCodeGenerator.ts
FN:9,(anonymous_0)
FN:16,(anonymous_1)
FNF:2
FNH:2
FNDA:1,(anonymous_0)
FNDA:3,(anonymous_1)
DA:7,1
DA:10,1
DA:11,1
DA:23,3
DA:25,3
DA:26,3
DA:28,3
DA:29,3
DA:31,3
LF:9
LH:9
BRF:0
BRH:0
end_of_record
TN:
SF:src/main/erdiagram/converter/diagram/nomnoml/relationship/NomnomlRelationshipCardinalityCodeGenerator.ts
FN:5,(anonymous_0)
FNF:1
FNH:1
FNDA:16,(anonymous_0)
DA:1,1
DA:3,1
DA:6,16
DA:8,1
DA:10,6
DA:12,9
LF:6
LH:6
BRDA:7,0,0,1
BRDA:7,0,1,6
BRDA:7,0,2,9
BRF:3
BRH:3
end_of_record
TN:
SF:src/main/erdiagram/converter/diagram/nomnoml/relationship/NomnomlRelationshipCodeGenerator.ts
FN:11,(anonymous_1)
FN:26,(anonymous_2)
FNF:2
FNH:2
FNDA:1,(anonymous_1)
FNDA:8,(anonymous_2)
DA:2,1
DA:4,1
DA:6,1
DA:8,1
DA:11,1
DA:13,1
DA:14,1
DA:16,1
DA:21,1
DA:27,8
DA:28,3
DA:30,5
LF:12
LH:12
BRDA:27,0,0,3
BRDA:27,0,1,5
BRF:2
BRH:2
end_of_record
TN:
SF:src/main/erdiagram/converter/diagram/nomnoml/relationship/NomnomlRelationshipDirectionCodeGenerator.ts
FN:5,(anonymous_0)
FN:16,(anonymous_1)
FN:20,(anonymous_2)
FNF:3
FNH:3
FNDA:5,(anonymous_0)
FNDA:3,(anonymous_1)
FNDA:3,(anonymous_2)
DA:1,1
DA:3,1
DA:6,5
DA:8,1
DA:10,2
DA:12,2
DA:17,3
DA:21,3
LF:8
LH:8
BRDA:7,0,0,1
BRDA:7,0,1,2
BRDA:7,0,2,2
BRDA:17,1,0,2
BRDA:17,1,1,1
BRDA:21,2,0,2
BRDA:21,2,1,1
BRF:7
BRH:7
end_of_record
TN:
SF:src/main/erdiagram/converter/diagram/nomnoml/relationship/NomnomlUnnamedRelationshipCodeGenerator.ts
FN:9,(anonymous_0)
FN:16,(anonymous_1)
FNF:2
FNH:2
FNDA:1,(anonymous_0)
FNDA:5,(anonymous_1)
DA:7,1
DA:10,1
DA:11,1
DA:22,5
DA:24,5
DA:25,5
DA:27,5
DA:28,5
LF:8
LH:8
BRF:0
BRH:0
end_of_record
TN:
SF:src/main/erdiagram/converter/diagram/plantuml/PlantUmlEntityRelationshipModelToDiagramCodeConverter.ts
FN:7,(anonymous_1)
FN:12,(anonymous_2)
FN:15,(anonymous_3)
FN:16,(anonymous_4)
FNF:4
FNH:4
FNDA:1,(anonymous_1)
FNDA:14,(anonymous_2)
FNDA:8,(anonymous_3)
FNDA:8,(anonymous_4)
DA:3,1
DA:4,1
DA:7,1
DA:9,1
DA:10,1
DA:13,14
DA:15,8
DA:16,8
LF:8
LH:8
BRF:0
BRH:0
end_of_record
TN:
SF:src/main/erdiagram/converter/diagram/plantuml/entity/PlantUmlEntityCodeGenerator.ts
FN:8,(anonymous_1)
FN:13,(anonymous_2)
FN:29,(anonymous_3)
FN:36,(anonymous_4)
FNF:4
FNH:4
FNDA:1,(anonymous_1)
FNDA:8,(anonymous_2)
FNDA:8,(anonymous_3)
FNDA:9,(anonymous_4)
DA:2,1
DA:4,1
DA:6,1
DA:8,1
DA:10,1
DA:11,1
DA:15,8
DA:17,8
DA:18,1
DA:21,7
DA:34,8
DA:36,9
DA:38,8
DA:39,2
DA:42,8
LF:15
LH:15
BRDA:17,0,0,1
BRDA:17,0,1,7
BRDA:38,1,0,2
BRDA:38,1,1,6
BRF:4
BRH:4
end_of_record
TN:
SF:src/main/erdiagram/converter/diagram/plantuml/entity/PlantUmlEntityIdentityPropertyCodeGenerator.ts
FN:5,(anonymous_0)
FNF:1
FNH:1
FNDA:2,(anonymous_0)
DA:1,1
DA:3,1
DA:6,2
LF:3
LH:3
BRF:0
BRH:0
end_of_record
TN:
SF:src/main/erdiagram/converter/diagram/plantuml/entity/PlantUmlEntityPropertyCodeGenerator.ts
FN:5,(anonymous_0)
FN:23,(anonymous_1)
FN:33,(anonymous_2)
FNF:3
FNH:3
FNDA:9,(anonymous_0)
FNDA:9,(anonymous_1)
FNDA:9,(anonymous_2)
DA:3,1
DA:13,9
DA:15,9
DA:17,9
DA:19,9
DA:25,9
DA:26,4
DA:29,5
DA:35,9
DA:36,9
DA:38,9
LF:11
LH:11
BRDA:25,0,0,4
BRDA:25,0,1,5
BRDA:35,1,0,2
BRDA:35,1,1,7
BRDA:36,2,0,3
BRDA:36,2,1,6
BRF:6
BRH:6
end_of_record
TN:
SF:src/main/erdiagram/converter/diagram/plantuml/relationship/PlantUmlRelationshipCardinalityCodeGenerator.ts
FN:5,(anonymous_0)
FNF:1
FNH:1
FNDA:16,(anonymous_0)
DA:1,1
DA:3,1
DA:6,16
DA:8,1
DA:10,6
DA:12,9
LF:6
LH:6
BRDA:7,0,0,1
BRDA:7,0,1,6
BRDA:7,0,2,9
BRF:3
BRH:3
end_of_record
TN:
SF:src/main/erdiagram/converter/diagram/plantuml/relationship/PlantUmlRelationshipCodeGenerator.ts
FN:7,(anonymous_1)
FN:12,(anonymous_2)
FNF:2
FNH:2
FNDA:1,(anonymous_1)
FNDA:8,(anonymous_2)
DA:2,1
DA:4,1
DA:7,1
DA:9,1
DA:10,1
DA:18,8
DA:20,8
DA:21,8
DA:23,8
DA:25,8
DA:27,8
DA:28,3
DA:30,5
LF:13
LH:13
BRDA:27,0,0,3
BRDA:27,0,1,5
BRF:2
BRH:2
end_of_record
TN:
SF:src/main/erdiagram/converter/diagram/plantuml/relationship/PlantUmlRelationshipDirectionCodeGenerator.ts
FN:5,(anonymous_0)
FNF:1
FNH:1
FNDA:8,(anonymous_0)
DA:1,1
DA:3,1
DA:6,8
DA:8,2
DA:10,3
DA:12,3
LF:6
LH:6
BRDA:7,0,0,2
BRDA:7,0,1,3
BRDA:7,0,2,3
BRF:3
BRH:3
end_of_record
TN:
SF:src/main/erdiagram/converter/oop/code-converter/EntityRelationshipModelToClassCodeConverter.ts
FN:8,(anonymous_0)
FN:15,(anonymous_1)
FNF:2
FNH:2
FNDA:1,(anonymous_0)
FNDA:1,(anonymous_1)
DA:6,1
DA:9,1
DA:10,1
DA:16,1
DA:17,1
LF:5
LH:5
BRF:0
BRH:0
end_of_record
TN:
SF:src/main/erdiagram/converter/oop/code-converter/java/JavaClassModelToCodeConverter.ts
FN:25,(anonymous_1)
FN:40,(anonymous_2)
FN:42,(anonymous_3)
FN:46,(anonymous_4)
FN:101,(anonymous_5)
FN:139,(anonymous_6)
FN:146,(anonymous_7)
FNF:7
FNH:7
FNDA:5,(anonymous_1)
FNDA:15,(anonymous_2)
FNDA:18,(anonymous_3)
FNDA:18,(anonymous_4)
FNDA:50,(anonymous_5)
FNDA:50,(anonymous_6)
FNDA:2,(anonymous_7)
DA:1,1
DA:3,1
DA:8,1
DA:10,1
DA:11,1
DA:13,1
DA:16,1
DA:18,1
DA:27,5
DA:29,5
DA:31,5
DA:36,5
DA:41,15
DA:42,18
DA:48,18
DA:50,18
DA:51,18
DA:52,18
DA:54,18
DA:61,50
DA:63,48
DA:64,48
DA:65,48
DA:69,16
DA:74,16
DA:75,2
DA:78,16
DA:80,16
DA:81,6
DA:84,16
DA:86,16
DA:93,16
DA:95,16
DA:97,16
DA:103,50
DA:104,50
DA:106,50
DA:107,50
DA:109,50
DA:111,50
DA:112,48
DA:114,48
DA:116,48
DA:118,48
DA:124,48
DA:130,48
DA:141,50
DA:142,45
DA:145,5
DA:147,2
DA:148,2
LF:51
LH:51
BRDA:74,0,0,2
BRDA:74,0,1,14
BRDA:80,1,0,6
BRDA:80,1,1,10
BRDA:141,2,0,45
BRDA:141,2,1,5
BRF:6
BRH:6
end_of_record
TN:
SF:src/main/erdiagram/converter/oop/code-converter/java/annotation/validation/JavaValidationAnnotationTypes.ts
FNF:0
FNH:0
DA:1,2
DA:3,2
DA:5,2
DA:12,2
LF:4
LH:4
BRF:0
BRH:0
end_of_record
TN:
SF:src/main/erdiagram/converter/oop/code-converter/java/annotation/validation/JavaValidationAnnotationsGenerator.ts
FN:20,(anonymous_1)
FN:27,(anonymous_2)
FN:34,(anonymous_3)
FN:49,(anonymous_4)
FN:66,(anonymous_5)
FN:77,(anonymous_6)
FN:92,(anonymous_7)
FN:105,(anonymous_8)
FN:114,(anonymous_9)
FN:122,(anonymous_10)
FNF:10
FNH:10
FNDA:11,(anonymous_1)
FNDA:18,(anonymous_2)
FNDA:18,(anonymous_3)
FNDA:18,(anonymous_4)
FNDA:13,(anonymous_5)
FNDA:6,(anonymous_6)
FNDA:4,(anonymous_7)
FNDA:19,(anonymous_8)
FNDA:19,(anonymous_9)
FNDA:6,(anonymous_10)
DA:3,2
DA:4,2
DA:5,2
DA:7,2
DA:8,2
DA:10,2
DA:18,2
DA:21,11
DA:22,11
DA:28,18
DA:36,18
DA:37,5
DA:40,13
DA:42,13
DA:51,18
DA:53,18
DA:54,12
DA:57,6
DA:59,6
DA:67,13
DA:69,6
DA:71,4
DA:73,3
DA:78,6
DA:80,2
DA:82,2
DA:84,2
DA:93,4
DA:95,2
DA:97,2
DA:107,19
DA:108,19
DA:110,19
DA:116,19
DA:118,19
DA:119,13
DA:122,6
DA:124,6
LF:38
LH:38
BRDA:36,0,0,5
BRDA:36,0,1,13
BRDA:53,1,0,12
BRDA:53,1,1,6
BRDA:68,2,0,6
BRDA:68,2,1,4
BRDA:68,2,2,3
BRDA:79,3,0,2
BRDA:79,3,1,2
BRDA:79,3,2,2
BRDA:94,4,0,2
BRDA:94,4,1,2
BRDA:105,5,0,13
BRDA:118,6,0,13
BRDA:118,6,1,6
BRF:15
BRH:15
end_of_record
TN:
SF:src/main/erdiagram/converter/oop/code-converter/java/annotation/validation/NotNullBlobValidationStrategy.ts
FN:1,(anonymous_0)
FNF:1
FNH:1
FNDA:2,(anonymous_0)
DA:1,2
DA:2,2
DA:3,2
DA:6,2
LF:4
LH:4
BRDA:1,0,0,2
BRDA:1,0,1,2
BRF:2
BRH:2
end_of_record
TN:
SF:src/main/erdiagram/converter/oop/code-converter/java/annotation/validation/NotNullTextValidationStrategy.ts
FN:1,(anonymous_0)
FNF:1
FNH:1
FNDA:2,(anonymous_0)
DA:1,2
DA:2,2
DA:3,2
DA:4,2
DA:7,2
LF:5
LH:5
BRDA:1,0,0,2
BRDA:1,0,1,2
BRF:2
BRH:2
end_of_record
TN:
SF:src/main/erdiagram/converter/oop/code-converter/java/config/JavaClassModelToCodeConverterConfigManager.ts
FN:17,(anonymous_1)
FN:38,(anonymous_2)
FN:49,(anonymous_3)
FN:52,(anonymous_4)
FN:56,(anonymous_5)
FNF:5
FNH:2
FNDA:5,(anonymous_1)
FNDA:5,(anonymous_2)
FNDA:0,(anonymous_3)
FNDA:0,(anonymous_4)
FNDA:0,(anonymous_5)
DA:1,1
DA:2,1
DA:5,1
DA:6,1
DA:9,1
DA:11,1
DA:14,1
DA:18,5
DA:39,5
DA:50,0
DA:52,0
DA:57,0
DA:65,1
DA:66,1
LF:14
LH:11
BRDA:44,0,0,1
BRDA:44,0,1,4
BRDA:44,1,0,5
BRDA:44,1,1,5
BRF:4
BRH:4
end_of_record
TN:
SF:src/main/erdiagram/converter/oop/code-converter/java/type/JavaFieldTypeResolver.ts
FN:9,(anonymous_0)
FN:16,(anonymous_1)
FN:24,(anonymous_2)
FN:32,(anonymous_3)
FNF:4
FNH:4
FNDA:5,(anonymous_0)
FNDA:50,(anonymous_1)
FNDA:4,(anonymous_2)
FNDA:50,(anonymous_3)
DA:2,1
DA:3,1
DA:7,1
DA:10,5
DA:11,5
DA:17,50
DA:18,4
DA:20,46
DA:25,4
DA:37,50
DA:39,50
DA:41,7
DA:42,1
DA:45,6
DA:49,43
DA:50,1
DA:58,42
LF:17
LH:17
BRDA:17,0,0,4
BRDA:17,0,1,46
BRDA:39,1,0,7
BRDA:39,1,1,43
BRDA:41,2,0,1
BRDA:41,2,1,6
BRDA:49,3,0,1
BRDA:49,3,1,42
BRF:8
BRH:8
end_of_record
TN:
SF:src/main/erdiagram/converter/oop/code-converter/java/type/JavaParameterizedType.ts
FN:7,createJavaParameterizedType
FN:16,(anonymous_1)
FN:17,(anonymous_2)
FN:20,(anonymous_3)
FN:21,(anonymous_4)
FN:27,createJavaArrayType
FN:35,(anonymous_6)
FN:38,(anonymous_7)
FN:45,isJavaParameterizedType
FNF:9
FNH:9
FNDA:23,createJavaParameterizedType
FNDA:23,(anonymous_1)
FNDA:35,(anonymous_2)
FNDA:18,(anonymous_3)
FNDA:29,(anonymous_4)
FNDA:42,createJavaArrayType
FNDA:38,(anonymous_6)
FNDA:37,(anonymous_7)
FNDA:57,isJavaParameterizedType
DA:7,2
DA:9,23
DA:11,23
DA:17,35
DA:18,23
DA:21,29
DA:22,18
DA:27,2
DA:29,42
DA:31,42
DA:36,38
DA:39,37
DA:45,2
DA:46,57
LF:14
LH:14
BRDA:9,0,0,21
BRDA:9,0,1,2
BRDA:16,1,0,23
BRDA:20,2,0,18
BRF:4
BRH:4
end_of_record
TN:
SF:src/main/erdiagram/converter/oop/code-converter/java/type/JavaType.ts
FN:13,createJavaType
FN:21,(anonymous_1)
FN:24,(anonymous_2)
FNF:3
FNH:3
FNDA:160,createJavaType
FNDA:132,(anonymous_1)
FNDA:54,(anonymous_2)
DA:13,3
DA:15,160
DA:17,160
DA:22,132
DA:25,54
LF:5
LH:5
BRDA:15,0,0,113
BRDA:15,0,1,47
BRF:2
BRH:2
end_of_record
TN:
SF:src/main/erdiagram/converter/oop/code-converter/java/type/parseJavaType.ts
FN:11,parseJavaType
FN:19,parseJavaTypeInternal
FN:47,(anonymous_2)
FN:53,parseJavaRawType
FN:74,trimRawJavaTypeParts
FN:75,(anonymous_5)
FN:78,splitParameterTypes
FN:88,(anonymous_7)
FNF:8
FNH:8
FNDA:125,parseJavaType
FNDA:203,parseJavaTypeInternal
FNDA:36,(anonymous_2)
FNDA:158,parseJavaRawType
FNDA:158,trimRawJavaTypeParts
FNDA:356,(anonymous_5)
FNDA:24,splitParameterTypes
FNDA:236,(anonymous_7)
DA:1,2
DA:5,2
DA:7,2
DA:8,2
DA:9,2
DA:11,2
DA:12,125
DA:13,125
DA:15,15
DA:21,203
DA:23,203
DA:24,42
DA:25,42
DA:28,161
DA:30,161
DA:31,134
DA:34,27
DA:36,27
DA:37,2
DA:40,25
DA:41,1
DA:44,24
DA:46,24
DA:47,36
DA:49,19
DA:55,158
DA:57,158
DA:58,12
DA:61,146
DA:63,146
DA:64,41
DA:67,105
DA:68,105
DA:70,105
DA:75,356
DA:80,24
DA:81,12
DA:84,12
DA:86,12
DA:88,12
DA:89,236
DA:91,16
DA:92,12
DA:94,16
DA:96,5
DA:97,5
DA:99,5
DA:100,0
DA:102,5
DA:103,5
DA:107,12
DA:108,12
DA:110,12
DA:111,12
DA:112,12
DA:116,12
DA:118,12
LF:57
LH:56
BRDA:23,0,0,42
BRDA:23,0,1,161
BRDA:30,1,0,134
BRDA:30,1,1,27
BRDA:36,2,0,2
BRDA:36,2,1,25
BRDA:40,3,0,1
BRDA:40,3,1,24
BRDA:57,4,0,12
BRDA:57,4,1,146
BRDA:63,5,0,41
BRDA:63,5,1,105
BRDA:80,6,0,12
BRDA:80,6,1,12
BRDA:90,7,0,16
BRDA:90,7,1,5
BRDA:90,7,2,5
BRDA:91,8,0,12
BRDA:91,8,1,4
BRDA:99,9,0,0
BRDA:99,9,1,5
BRF:21
BRH:20
end_of_record
TN:
SF:src/main/erdiagram/converter/oop/code-converter/java/type/import/JavaImportStatementsGenerator.ts
FN:7,(anonymous_0)
FN:13,(anonymous_1)
FN:16,(anonymous_2)
FN:17,(anonymous_3)
FN:23,(anonymous_4)
FN:39,(anonymous_5)
FNF:6
FNH:6
FNDA:5,(anonymous_0)
FNDA:16,(anonymous_1)
FNDA:57,(anonymous_2)
FNDA:12,(anonymous_3)
FNDA:22,(anonymous_4)
FNDA:57,(anonymous_5)
DA:1,1
DA:3,1
DA:5,1
DA:8,5
DA:15,16
DA:16,57
DA:17,12
DA:19,16
DA:25,22
DA:27,57
DA:29,57
DA:30,6
DA:35,22
DA:40,57
LF:14
LH:14
BRDA:23,0,0,16
BRDA:29,1,0,6
BRDA:29,1,1,51
BRDA:40,2,0,57
BRDA:40,2,1,38
BRDA:40,2,2,13
BRF:6
BRH:6
end_of_record
TN:
SF:src/main/erdiagram/converter/oop/code-converter/typescript/TypeScriptClassModelToCodeConverter.ts
FN:16,(anonymous_1)
FN:21,(anonymous_2)
FN:23,(anonymous_3)
FN:27,(anonymous_4)
FN:32,(anonymous_5)
FN:46,(anonymous_6)
FNF:6
FNH:6
FNDA:2,(anonymous_1)
FNDA:12,(anonymous_2)
FNDA:15,(anonymous_3)
FNDA:15,(anonymous_4)
FNDA:44,(anonymous_5)
FNDA:44,(anonymous_6)
DA:1,1
DA:3,1
DA:7,1
DA:9,1
DA:11,1
DA:17,2
DA:18,2
DA:22,12
DA:23,15
DA:29,15
DA:31,15
DA:32,44
DA:34,13
DA:38,13
DA:40,13
DA:42,13
DA:48,44
DA:50,44
DA:51,42
DA:52,42
DA:54,42
LF:21
LH:21
BRDA:52,0,0,15
BRDA:52,0,1,27
BRF:2
BRH:2
end_of_record
TN:
SF:src/main/erdiagram/converter/oop/code-converter/typescript/config/TypeScriptClassModelToCodeConverterConfigManager.ts
FN:13,(anonymous_1)
FN:31,(anonymous_2)
FN:42,(anonymous_3)
FN:45,(anonymous_4)
FN:49,(anonymous_5)
FNF:5
FNH:2
FNDA:2,(anonymous_1)
FNDA:2,(anonymous_2)
FNDA:0,(anonymous_3)
FNDA:0,(anonymous_4)
FNDA:0,(anonymous_5)
DA:1,1
DA:2,1
DA:5,1
DA:8,1
DA:10,1
DA:14,2
DA:32,2
DA:43,0
DA:45,0
DA:50,0
DA:58,1
DA:59,1
LF:12
LH:9
BRDA:37,0,0,1
BRDA:37,0,1,1
BRDA:37,1,0,2
BRDA:37,1,1,2
BRF:4
BRH:4
end_of_record
TN:
SF:src/main/erdiagram/converter/oop/code-converter/typescript/type/TypeScriptParameterizedType.ts
FN:7,createTypeScriptParameterizedType
FN:11,(anonymous_1)
FN:12,(anonymous_2)
FN:18,createTypeScriptArrayType
FN:22,(anonymous_4)
FN:26,isTypeScriptParameterizedType
FNF:6
FNH:5
FNDA:18,createTypeScriptParameterizedType
FNDA:18,(anonymous_1)
FNDA:29,(anonymous_2)
FNDA:34,createTypeScriptArrayType
FNDA:34,(anonymous_4)
FNDA:0,isTypeScriptParameterizedType
DA:7,2
DA:8,18
DA:12,29
DA:13,18
DA:18,2
DA:19,34
DA:22,34
DA:26,2
DA:27,0
LF:9
LH:8
BRF:0
BRH:0
end_of_record
TN:
SF:src/main/erdiagram/converter/oop/code-converter/typescript/type/TypeScriptType.ts
FN:9,createTypeScriptType
FN:12,(anonymous_1)
FNF:2
FNH:2
FNDA:103,createTypeScriptType
FNDA:83,(anonymous_1)
DA:9,2
DA:10,103
DA:12,83
LF:3
LH:3
BRF:0
BRH:0
end_of_record
TN:
SF:src/main/erdiagram/converter/oop/code-converter/typescript/type/TypeScriptTypeResolver.ts
FN:9,(anonymous_0)
FN:15,(anonymous_1)
FN:23,(anonymous_2)
FN:27,(anonymous_3)
FNF:4
FNH:4
FNDA:2,(anonymous_0)
FNDA:44,(anonymous_1)
FNDA:4,(anonymous_2)
FNDA:44,(anonymous_3)
DA:2,1
DA:3,1
DA:7,1
DA:10,2
DA:16,44
DA:17,4
DA:19,40
DA:24,4
DA:32,44
DA:34,44
DA:36,7
DA:37,1
DA:40,6
DA:44,37
DA:45,1
DA:53,36
LF:16
LH:16
BRDA:16,0,0,4
BRDA:16,0,1,40
BRDA:34,1,0,7
BRDA:34,1,1,37
BRDA:36,2,0,1
BRDA:36,2,1,6
BRDA:44,3,0,1
BRDA:44,3,1,36
BRF:8
BRH:8
end_of_record
TN:
SF:src/main/erdiagram/converter/oop/code-converter/typescript/type/parseTypeScriptType.ts
FN:10,parseTypeScriptType
FN:18,parseTypeScriptTypeInternal
FN:46,(anonymous_2)
FN:52,parseTypeScriptRawType
FN:64,splitParameterTypes
FN:74,(anonymous_5)
FNF:6
FNH:6
FNDA:74,parseTypeScriptType
FNDA:138,parseTypeScriptTypeInternal
FNDA:34,(anonymous_2)
FNDA:105,parseTypeScriptRawType
FNDA:23,splitParameterTypes
FNDA:89,(anonymous_5)
DA:1,2
DA:2,2
DA:7,2
DA:8,2
DA:10,2
DA:11,74
DA:12,74
DA:14,11
DA:20,138
DA:22,138
DA:23,30
DA:24,30
DA:27,108
DA:29,108
DA:30,82
DA:33,26
DA:35,26
DA:36,2
DA:39,24
DA:40,1
DA:43,23
DA:45,23
DA:46,34
DA:48,18
DA:54,105
DA:56,105
DA:57,8
DA:60,97
DA:66,23
DA:67,12
DA:70,11
DA:72,11
DA:74,11
DA:75,89
DA:77,15
DA:78,11
DA:80,15
DA:82,5
DA:83,5
DA:85,5
DA:86,0
DA:88,5
DA:89,5
DA:93,11
DA:94,11
DA:96,11
DA:97,11
DA:98,11
DA:102,11
DA:104,11
LF:50
LH:49
BRDA:22,0,0,30
BRDA:22,0,1,108
BRDA:29,1,0,82
BRDA:29,1,1,26
BRDA:35,2,0,2
BRDA:35,2,1,24
BRDA:39,3,0,1
BRDA:39,3,1,23
BRDA:56,4,0,8
BRDA:56,4,1,97
BRDA:66,5,0,12
BRDA:66,5,1,11
BRDA:76,6,0,15
BRDA:76,6,1,5
BRDA:76,6,2,5
BRDA:77,7,0,11
BRDA:77,7,1,4
BRDA:85,8,0,0
BRDA:85,8,1,5
BRF:19
BRH:18
end_of_record
TN:
SF:src/main/erdiagram/converter/oop/model/ClassModelGenerator.ts
FN:12,(anonymous_1)
FN:17,(anonymous_2)
FN:24,(anonymous_3)
FNF:3
FNH:3
FNDA:3,(anonymous_1)
FNDA:11,(anonymous_2)
FNDA:29,(anonymous_3)
DA:4,1
DA:5,1
DA:7,1
DA:13,3
DA:14,3
DA:22,11
DA:24,29
DA:26,11
LF:8
LH:8
BRF:0
BRH:0
end_of_record
TN:
SF:src/main/erdiagram/converter/oop/model/class/EntityToClassMapper.ts
FN:21,(anonymous_1)
FN:29,(anonymous_2)
FNF:2
FNH:2
FNDA:3,(anonymous_1)
FNDA:29,(anonymous_2)
DA:1,1
DA:3,1
DA:9,1
DA:11,1
DA:13,1
DA:15,1
DA:22,3
DA:24,3
DA:25,3
DA:26,3
DA:31,29
DA:33,29
DA:37,29
DA:38,14
DA:41,29
DA:47,122
DA:49,122
DA:50,15
DA:53,122
DA:54,15
DA:59,29
LF:21
LH:21
BRDA:49,0,0,15
BRDA:49,0,1,107
BRDA:49,1,0,122
BRDA:49,1,1,16
BRDA:53,2,0,15
BRDA:53,2,1,107
BRDA:53,3,0,122
BRDA:53,3,1,16
BRF:8
BRH:8
end_of_record
TN:
SF:src/main/erdiagram/converter/oop/model/class/field/EntityPropertyToClassFieldMapper.ts
FN:8,(anonymous_0)
FNF:1
FNH:1
FNDA:14,(anonymous_0)
DA:2,1
DA:4,1
DA:6,1
DA:15,14
DA:17,14
LF:5
LH:5
BRDA:22,0,0,4
BRDA:22,0,1,10
BRF:2
BRH:2
end_of_record
TN:
SF:src/main/erdiagram/converter/oop/model/class/field/EntityToIdClassFieldMapper.ts
FN:7,(anonymous_0)
FN:13,(anonymous_1)
FN:23,(anonymous_2)
FNF:3
FNH:3
FNDA:3,(anonymous_0)
FNDA:29,(anonymous_1)
FNDA:29,(anonymous_2)
DA:2,1
DA:5,1
DA:8,3
DA:14,29
DA:25,29
DA:26,2
DA:29,27
DA:30,27
LF:8
LH:8
BRDA:25,0,0,2
BRDA:25,0,1,27
BRF:2
BRH:2
end_of_record
TN:
SF:src/main/erdiagram/converter/oop/model/class/field/RelationshipMemberToClassFieldMapper.ts
FN:7,(anonymous_1)
FNF:1
FNH:1
FNDA:30,(anonymous_1)
DA:1,1
DA:3,1
DA:5,1
DA:9,30
DA:10,30
DA:12,30
LF:6
LH:6
BRDA:10,0,0,8
BRDA:10,0,1,22
BRF:2
BRH:2
end_of_record
TN:
SF:src/main/erdiagram/converter/oop/model/config/ClassModelGeneratorConfigManager.ts
FN:11,(anonymous_1)
FN:17,(anonymous_2)
FN:24,(anonymous_3)
FN:31,(anonymous_4)
FNF:4
FNH:2
FNDA:3,(anonymous_1)
FNDA:3,(anonymous_2)
FNDA:0,(anonymous_3)
FNDA:0,(anonymous_4)
DA:1,1
DA:3,1
DA:4,1
DA:8,1
DA:12,3
DA:18,3
DA:25,0
DA:32,0
DA:40,1
DA:41,1
LF:10
LH:8
BRF:0
BRH:0
end_of_record
TN:
SF:src/main/erdiagram/parser/EntityRelationshipModelParser.ts
FN:18,(anonymous_1)
FN:25,(anonymous_2)
FNF:2
FNH:2
FNDA:2,(anonymous_1)
FNDA:23,(anonymous_2)
DA:3,1
DA:5,1
DA:7,1
DA:8,1
DA:11,1
DA:19,2
DA:20,2
DA:21,2
DA:22,2
DA:27,23
DA:29,20
DA:31,11
LF:12
LH:12
BRF:0
BRH:0
end_of_record
TN:
SF:src/main/erdiagram/parser/EntityRelationshipModelParserWithoutValidation.ts
FN:14,(anonymous_1)
FN:18,(anonymous_2)
FN:28,(anonymous_3)
FN:37,(anonymous_4)
FN:42,(anonymous_5)
FNF:5
FNH:5
FNDA:2,(anonymous_1)
FNDA:23,(anonymous_2)
FNDA:23,(anonymous_3)
FNDA:23,(anonymous_4)
FNDA:20,(anonymous_5)
DA:5,1
DA:8,1
DA:10,1
DA:15,2
DA:20,23
DA:22,23
DA:24,20
DA:29,23
DA:38,23
DA:39,23
DA:48,20
DA:50,20
LF:12
LH:12
BRF:0
BRH:0
end_of_record
TN:
SF:src/main/erdiagram/parser/ParsedModelToPublicModelConverter.ts
FN:14,(anonymous_0)
FN:16,(anonymous_1)
FN:21,(anonymous_2)
FN:28,(anonymous_3)
FN:33,(anonymous_4)
FN:34,(anonymous_5)
FNF:6
FNH:6
FNDA:11,(anonymous_0)
FNDA:33,(anonymous_1)
FNDA:33,(anonymous_2)
FNDA:17,(anonymous_3)
FNDA:33,(anonymous_4)
FNDA:17,(anonymous_5)
DA:1,1
DA:12,1
DA:15,11
DA:16,33
DA:23,33
DA:25,33
DA:28,17
DA:34,33
LF:8
LH:8
BRDA:27,0,0,31
BRDA:27,0,1,2
BRDA:27,1,0,33
BRDA:27,1,1,33
BRF:4
BRH:4
end_of_record
TN:
SF:src/main/erdiagram/parser/config/EntityRelationshipModelParserConfigManager.ts
FN:9,(anonymous_1)
FN:15,(anonymous_2)
FN:22,(anonymous_3)
FN:28,(anonymous_4)
FNF:4
FNH:2
FNDA:2,(anonymous_1)
FNDA:2,(anonymous_2)
FNDA:0,(anonymous_3)
FNDA:0,(anonymous_4)
DA:1,1
DA:6,1
DA:10,2
DA:16,2
DA:23,0
DA:29,0
DA:36,1
DA:37,1
LF:8
LH:6
BRF:0
BRH:0
end_of_record
TN:
SF:src/main/erdiagram/parser/line/EntityRelationshipModelLineParser.ts
FN:17,(anonymous_1)
FN:21,(anonymous_2)
FN:22,(anonymous_3)
FN:31,(anonymous_4)
FN:54,(anonymous_5)
FN:67,(anonymous_6)
FN:80,(anonymous_7)
FNF:7
FNH:7
FNDA:2,(anonymous_1)
FNDA:23,(anonymous_2)
FNDA:181,(anonymous_3)
FNDA:181,(anonymous_4)
FNDA:44,(anonymous_5)
FNDA:28,(anonymous_6)
FNDA:26,(anonymous_7)
DA:1,1
DA:6,1
DA:7,1
DA:10,1
DA:13,1
DA:18,2
DA:22,23
DA:23,181
DA:24,181
DA:26,3
DA:33,181
DA:35,181
DA:37,44
DA:38,44
DA:40,28
DA:41,26
DA:43,26
DA:44,26
DA:47,82
DA:49,1
DA:56,44
DA:61,44
DA:62,44
DA:63,44
DA:69,28
DA:70,1
DA:73,27
DA:75,26
DA:76,26
DA:82,26
DA:84,26
DA:85,26
DA:86,26
LF:33
LH:33
BRDA:36,0,0,44
BRDA:36,0,1,28
BRDA:36,0,2,26
BRDA:36,0,3,82
BRDA:36,0,4,1
BRDA:69,1,0,1
BRDA:69,1,1,27
BRF:7
BRH:7
end_of_record
TN:
SF:src/main/erdiagram/parser/line/EntityRelationshipModelLineParserErrorHandler.ts
FN:5,(anonymous_0)
FNF:1
FNH:1
FNDA:3,(anonymous_0)
DA:1,1
DA:3,1
DA:8,3
DA:9,3
LF:4
LH:4
BRDA:8,0,0,3
BRF:1
BRH:1
end_of_record
TN:
SF:src/main/erdiagram/parser/statement/statement-type-guesser.ts
FN:7,(anonymous_0)
FN:15,guessStatementType
FN:29,isBlankLine
FNF:3
FNH:3
FNDA:1,(anonymous_0)
FNDA:181,guessStatementType
FNDA:83,isBlankLine
DA:1,1
DA:7,1
DA:8,1
DA:9,1
DA:10,1
DA:11,1
DA:12,1
DA:15,1
DA:16,181
DA:17,44
DA:18,137
DA:19,28
DA:20,109
DA:21,26
DA:22,83
DA:23,82
DA:25,1
DA:30,83
LF:18
LH:18
BRDA:7,0,0,1
BRDA:7,0,1,1
BRDA:16,1,0,44
BRDA:16,1,1,137
BRDA:18,2,0,28
BRDA:18,2,1,109
BRDA:20,3,0,26
BRDA:20,3,1,83
BRDA:22,4,0,82
BRDA:22,4,1,1
BRF:10
BRH:10
end_of_record
TN:
SF:src/main/erdiagram/parser/statement/statement-types-parse-functions.ts
FN:14,parseEntityNameStatement
FN:31,parseEntityPropertyStatement
FN:63,parsePropertyLength
FN:70,(anonymous_3)
FN:74,parseRelationshipStatement
FN:111,parseRelationshipMemberCardinality
FNF:6
FNH:6
FNDA:49,parseEntityNameStatement
FNDA:37,parseEntityPropertyStatement
FNDA:34,parsePropertyLength
FNDA:14,(anonymous_3)
FNDA:38,parseRelationshipStatement
FNDA:74,parseRelationshipMemberCardinality
DA:1,2
DA:2,2
DA:7,2
DA:12,2
DA:14,2
DA:16,49
DA:18,49
DA:19,1
DA:25,48
DA:27,48
DA:31,2
DA:33,37
DA:35,37
DA:36,1
DA:45,36
DA:47,36
DA:49,36
DA:50,2
DA:53,34
DA:65,34
DA:66,22
DA:69,12
DA:70,14
DA:74,2
DA:76,38
DA:78,38
DA:79,1
DA:92,37
DA:94,37
DA:112,74
DA:114,18
DA:116,12
DA:118,44
LF:33
LH:33
BRDA:18,0,0,1
BRDA:18,0,1,48
BRDA:35,1,0,1
BRDA:35,1,1,36
BRDA:49,2,0,2
BRDA:49,2,1,34
BRDA:65,3,0,22
BRDA:65,3,1,12
BRDA:78,4,0,1
BRDA:78,4,1,37
BRDA:85,5,0,34
BRDA:90,6,0,34
BRDA:95,7,0,5
BRDA:95,7,1,32
BRDA:96,8,0,8
BRDA:96,8,1,29
BRDA:96,9,0,2
BRDA:96,9,1,27
BRDA:113,10,0,18
BRDA:113,10,1,12
BRDA:113,10,2,44
BRF:21
BRH:21
end_of_record
TN:
SF:src/main/erdiagram/parser/statement/statement-types-regexes.ts
FNF:0
FNH:0
DA:1,2
DA:3,2
DA:4,2
DA:8,2
DA:12,2
DA:13,2
DA:15,2
DA:16,2
DA:18,2
DA:20,2
DA:24,2
DA:25,2
DA:26,2
DA:28,2
DA:30,2
LF:15
LH:15
BRF:0
BRH:0
end_of_record
TN:
SF:src/main/erdiagram/parser/types/entity-relationship-model-types.ts
FN:20,(anonymous_0)
FN:47,(anonymous_1)
FN:53,(anonymous_2)
FNF:3
FNH:3
FNDA:10,(anonymous_0)
FNDA:10,(anonymous_1)
FNDA:10,(anonymous_2)
DA:20,10
DA:21,10
DA:22,10
DA:23,10
DA:24,10
DA:25,10
DA:26,10
DA:27,10
DA:28,10
DA:29,10
DA:30,10
DA:31,10
DA:47,10
DA:48,10
DA:49,10
DA:50,10
DA:53,10
DA:54,10
DA:55,10
DA:56,10
LF:20
LH:20
BRDA:20,0,0,10
BRDA:20,0,1,10
BRDA:47,1,0,10
BRDA:47,1,1,10
BRDA:53,2,0,10
BRDA:53,2,1,10
BRF:6
BRH:6
end_of_record
TN:
SF:src/main/erdiagram/parser/types/parse-errors.ts
FN:14,(anonymous_0)
FN:21,(anonymous_1)
FN:37,(anonymous_2)
FN:48,(anonymous_3)
FN:60,(anonymous_4)
FN:75,(anonymous_5)
FN:89,(anonymous_6)
FNF:7
FNH:6
FNDA:12,(anonymous_0)
FNDA:0,(anonymous_1)
FNDA:2,(anonymous_2)
FNDA:2,(anonymous_3)
FNDA:7,(anonymous_4)
FNDA:6,(anonymous_5)
FNDA:1,(anonymous_6)
DA:8,4
DA:12,4
DA:15,12
DA:16,12
DA:18,12
DA:22,0
DA:27,4
DA:31,4
DA:35,4
DA:39,2
DA:41,2
DA:46,4
DA:51,2
DA:53,2
DA:58,4
DA:62,7
DA:64,7
DA:69,4
DA:73,4
DA:78,6
DA:80,6
DA:85,4
DA:94,1
DA:95,1
DA:96,1
DA:101,4
DA:105,4
LF:27
LH:26
BRF:0
BRH:0
end_of_record
TN:
SF:src/main/erdiagram/parser/validator/EntityRelationshipModelParseResultValidator.ts
FN:20,(anonymous_1)
FN:26,(anonymous_2)
FN:41,(anonymous_3)
FN:53,(anonymous_4)
FN:57,(anonymous_5)
FN:74,(anonymous_6)
FN:76,(anonymous_7)
FN:80,(anonymous_8)
FN:100,(anonymous_9)
FN:102,(anonymous_10)
FN:104,(anonymous_11)
FN:148,(anonymous_12)
FN:150,(anonymous_13)
FN:152,(anonymous_14)
FNF:14
FNH:14
FNDA:2,(anonymous_1)
FNDA:20,(anonymous_2)
FNDA:20,(anonymous_3)
FNDA:20,(anonymous_4)
FNDA:43,(anonymous_5)
FNDA:19,(anonymous_6)
FNDA:41,(anonymous_7)
FNDA:26,(anonymous_8)
FNDA:17,(anonymous_9)
FNDA:39,(anonymous_10)
FNDA:22,(anonymous_11)
FNDA:12,(anonymous_12)
FNDA:35,(anonymous_13)
FNDA:25,(anonymous_14)
DA:1,1
DA:2,1
DA:13,1
DA:16,1
DA:21,2
DA:23,2
DA:31,20
DA:33,20
DA:34,20
DA:36,9
DA:43,20
DA:44,19
DA:45,17
DA:47,13
DA:48,12
DA:55,20
DA:57,20
DA:59,43
DA:61,43
DA:62,1
DA:68,42
DA:76,19
DA:78,41
DA:80,41
DA:82,26
DA:84,26
DA:85,2
DA:92,24
DA:102,17
DA:104,39
DA:106,39
DA:107,1
DA:114,38
DA:116,38
DA:118,5
DA:119,1
DA:126,4
DA:127,1
DA:134,3
DA:135,1
DA:150,35
DA:152,12
DA:153,25
DA:154,1
DA:160,24
DA:161,1
LF:46
LH:46
BRDA:47,0,0,12
BRDA:47,0,1,1
BRDA:61,1,0,1
BRDA:61,1,1,42
BRDA:84,2,0,2
BRDA:84,2,1,24
BRDA:106,3,0,1
BRDA:106,3,1,38
BRDA:116,4,0,5
BRDA:116,4,1,33
BRDA:118,5,0,1
BRDA:118,5,1,4
BRDA:126,6,0,1
BRDA:126,6,1,3
BRDA:134,7,0,1
BRDA:134,7,1,2
BRDA:153,8,0,1
BRDA:153,8,1,24
BRDA:160,9,0,1
BRDA:160,9,1,23
BRF:20
BRH:20
end_of_record
TN:
SF:src/main/erdiagram/parser/validator/EntityRelationshipModelParseResultValidatorErrorHandler.ts
FN:11,(anonymous_0)
FNF:1
FNH:1
FNDA:9,(anonymous_0)
DA:1,1
DA:9,1
DA:13,9
DA:14,6
DA:17,3
DA:18,1
DA:22,2
DA:23,2
LF:8
LH:8
BRDA:13,0,0,6
BRDA:13,0,1,3
BRDA:17,1,0,1
BRDA:17,1,1,2
BRDA:22,2,0,2
BRF:5
BRH:5
end_of_record
TN:
SF:src/main/erdiagram/util/array-utils.ts
FN:1,removeDuplicates
FN:5,removeNullableValues
FN:6,(anonymous_2)
FNF:3
FNH:3
FNDA:18,removeDuplicates
FNDA:19,removeNullableValues
FNDA:47,(anonymous_2)
DA:1,3
DA:2,18
DA:5,3
DA:6,47
LF:4
LH:4
BRF:0
BRH:0
end_of_record
TN:
SF:src/main/erdiagram/util/indent-utils.ts
FN:3,indentLines
FN:4,(anonymous_1)
FN:7,indentLine
FN:11,generateIndentText
FN:21,indentLineUsingIndentText
FNF:5
FNH:5
FNDA:136,indentLines
FNDA:898,(anonymous_1)
FNDA:102,indentLine
FNDA:1000,generateIndentText
FNDA:1000,indentLineUsingIndentText
DA:1,6
DA:3,6
DA:4,898
DA:7,6
DA:8,102
DA:13,1000
DA:14,999
DA:17,1
DA:22,1000
DA:23,133
DA:25,867
LF:11
LH:11
BRDA:11,0,0,998
BRDA:13,1,0,999
BRDA:13,1,1,1
BRDA:22,2,0,133
BRDA:22,2,1,867
BRF:5
BRH:5
end_of_record
TN:
SF:src/main/erdiagram/util/map-utils.ts
FN:1,classifyBy
FN:5,(anonymous_1)
FNF:2
FNH:2
FNDA:13,classifyBy
FNDA:2,(anonymous_1)
DA:1,1
DA:3,13
DA:5,13
DA:7,2
DA:8,2
DA:10,2
DA:14,13
LF:7
LH:7
BRF:0
BRH:0
end_of_record
TN:
SF:src/main/erdiagram/util/record-utils.ts
FN:1,mapValues
FN:2,(anonymous_1)
FN:5,findKeyFromValue
FN:6,(anonymous_3)
FN:12,findValueFromNullableKey
FNF:5
FNH:5
FNDA:1,mapValues
FNDA:3,(anonymous_1)
FNDA:4,findKeyFromValue
FNDA:9,(anonymous_3)
FNDA:4,findValueFromNullableKey
DA:1,6
DA:2,3
DA:5,6
DA:6,9
DA:7,4
DA:12,6
DA:13,4
LF:7
LH:7
BRDA:7,0,0,1
BRDA:7,0,1,3
BRDA:7,1,0,4
BRDA:7,1,1,4
BRDA:13,2,0,1
BRDA:13,2,1,3
BRF:6
BRH:6
end_of_record
TN:
SF:src/main/erdiagram/util/regex-utils.ts
FN:1,escapeRegExpSpecialChars
FN:5,joinRegExps
FN:8,(anonymous_2)
FNF:3
FNH:3
FNDA:5,escapeRegExpSpecialChars
FNDA:7,joinRegExps
FNDA:22,(anonymous_2)
DA:1,3
DA:2,5
DA:5,3
DA:7,7
DA:9,22
DA:10,3
DA:12,19
DA:17,7
LF:8
LH:8
BRDA:9,0,0,3
BRDA:9,0,1,19
BRF:2
BRH:2
end_of_record
TN:
SF:src/main/erdiagram/util/string-utils.ts
FN:1,capitalizeWord
FN:5,uncapitalizeWord
FN:9,removeNonEmptyStrings
FN:10,(anonymous_3)
FNF:4
FNH:4
FNDA:1044,capitalizeWord
FNDA:133,uncapitalizeWord
FNDA:1624,removeNonEmptyStrings
FNDA:4932,(anonymous_3)
DA:1,10
DA:2,1044
DA:5,10
DA:6,133
DA:9,10
DA:10,4932
LF:6
LH:6
BRF:0
BRH:0
end_of_record
